2021-08-27 12:23:12 Error: [PDOException] SQLSTATE[HY000] [1045] Access denied for user 'my_app'@'localhost' (using password: YES) in E:\xampp\htdocs\cakephp3_api\vendor\cakephp\cakephp\src\Database\Driver.php on line 93
Stack Trace:
#0 E:\xampp\htdocs\cakephp3_api\vendor\cakephp\cakephp\src\Database\Driver.php(93): PDO->__construct('mysql:host=loca...', 'my_app', 'secret', Array)
#1 E:\xampp\htdocs\cakephp3_api\vendor\cakephp\cakephp\src\Database\Driver\Mysql.php(105): Cake\Database\Driver->_connect('mysql:host=loca...', Array)
#2 E:\xampp\htdocs\cakephp3_api\vendor\cakephp\cakephp\src\Database\Schema\BaseSchema.php(44): Cake\Database\Driver\Mysql->connect()
#3 E:\xampp\htdocs\cakephp3_api\vendor\cakephp\cakephp\src\Database\Dialect\MysqlDialectTrait.php(62): Cake\Database\Schema\BaseSchema->__construct(Object(Cake\Database\Driver\Mysql))
#4 E:\xampp\htdocs\cakephp3_api\vendor\cakephp\cakephp\src\Database\Schema\Collection.php(51): Cake\Database\Driver\Mysql->schemaDialect()
#5 E:\xampp\htdocs\cakephp3_api\vendor\cakephp\cakephp\src\Database\Schema\CachedCollection.php(41): Cake\Database\Schema\Collection->__construct(Object(Cake\Database\Connection))
#6 E:\xampp\htdocs\cakephp3_api\vendor\cakephp\cakephp\src\Database\Connection.php(399): Cake\Database\Schema\CachedCollection->__construct(Object(Cake\Database\Connection), true)
#7 E:\xampp\htdocs\cakephp3_api\vendor\cakephp\bake\src\Shell\Task\ModelTask.php(1096): Cake\Database\Connection->getSchemaCollection()
#8 E:\xampp\htdocs\cakephp3_api\vendor\cakephp\bake\src\Shell\Task\ModelTask.php(1050): Bake\Shell\Task\ModelTask->_getAllTables()
#9 E:\xampp\htdocs\cakephp3_api\vendor\cakephp\bake\src\Shell\Task\ModelTask.php(213): Bake\Shell\Task\ModelTask->listAll()
#10 E:\xampp\htdocs\cakephp3_api\vendor\cakephp\bake\src\Shell\Task\ModelTask.php(131): Bake\Shell\Task\ModelTask->getAssociations(Object(Cake\ORM\Table))
#11 E:\xampp\htdocs\cakephp3_api\vendor\cakephp\bake\src\Shell\Task\ModelTask.php(114): Bake\Shell\Task\ModelTask->getTableContext(Object(Cake\ORM\Table), 'users', 'Users')
#12 E:\xampp\htdocs\cakephp3_api\vendor\cakephp\bake\src\Shell\Task\ModelTask.php(101): Bake\Shell\Task\ModelTask->bake('Users')
#13 E:\xampp\htdocs\cakephp3_api\vendor\cakephp\cakephp\src\Console\Shell.php(531): Bake\Shell\Task\ModelTask->main('Users')
#14 E:\xampp\htdocs\cakephp3_api\vendor\cakephp\cakephp\src\Console\Shell.php(524): Cake\Console\Shell->runCommand(Array, false, Array)
#15 E:\xampp\htdocs\cakephp3_api\vendor\cakephp\cakephp\src\Console\CommandRunner.php(384): Cake\Console\Shell->runCommand(Array, true)
#16 E:\xampp\htdocs\cakephp3_api\vendor\cakephp\cakephp\src\Console\CommandRunner.php(162): Cake\Console\CommandRunner->runShell(Object(Bake\Shell\BakeShell), Array)
#17 E:\xampp\htdocs\cakephp3_api\bin\cake.php(12): Cake\Console\CommandRunner->run(Array)
#18 {main}


