2021-08-27 12:33:33 Error: [Cake\View\Exception\MissingTemplateException] Template file "Users\index.ctp" is missing. (E:\xampp\htdocs\cakephp3_api\vendor\cakephp\cakephp\src\View\View.php:1605)
Exception Attributes: array (
  'file' => 'Users\\index.ctp',
)
#0 E:\xampp\htdocs\cakephp3_api\vendor\cakephp\cakephp\src\View\View.php(888): Cake\View\View->_getViewFileName('Users\\index')
#1 E:\xampp\htdocs\cakephp3_api\vendor\cakephp\cakephp\src\Controller\Controller.php(791): Cake\View\View->render(NULL, NULL)
#2 E:\xampp\htdocs\cakephp3_api\vendor\cakephp\cakephp\src\Http\ActionDispatcher.php(126): Cake\Controller\Controller->render()
#3 E:\xampp\htdocs\cakephp3_api\vendor\cakephp\cakephp\src\Http\ActionDispatcher.php(94): Cake\Http\ActionDispatcher->_invoke(Object(App\Controller\UsersController))
#4 E:\xampp\htdocs\cakephp3_api\vendor\cakephp\cakephp\src\Http\BaseApplication.php(256): Cake\Http\ActionDispatcher->dispatch(Object(Cake\Http\ServerRequest), Object(Cake\Http\Response))
#5 E:\xampp\htdocs\cakephp3_api\vendor\cakephp\cakephp\src\Http\Runner.php(65): Cake\Http\BaseApplication->__invoke(Object(Cake\Http\ServerRequest), Object(Cake\Http\Response), Object(Cake\Http\Runner))
#6 E:\xampp\htdocs\cakephp3_api\vendor\cakephp\cakephp\src\Http\Runner.php(65): Cake\Http\Runner->__invoke(Object(Cake\Http\ServerRequest), Object(Cake\Http\Response), Object(Cake\Http\Runner))
#7 E:\xampp\htdocs\cakephp3_api\vendor\cakephp\cakephp\src\Http\Middleware\CsrfProtectionMiddleware.php(122): Cake\Http\Runner->__invoke(Object(Cake\Http\ServerRequest), Object(Cake\Http\Response))
#8 E:\xampp\htdocs\cakephp3_api\vendor\cakephp\cakephp\src\Http\Runner.php(65): Cake\Http\Middleware\CsrfProtectionMiddleware->__invoke(Object(Cake\Http\ServerRequest), Object(Cake\Http\Response), Object(Cake\Http\Runner))
#9 E:\xampp\htdocs\cakephp3_api\vendor\cakephp\cakephp\src\Http\Runner.php(51): Cake\Http\Runner->__invoke(Object(Cake\Http\ServerRequest), Object(Cake\Http\Response))
#10 E:\xampp\htdocs\cakephp3_api\vendor\cakephp\cakephp\src\Routing\Middleware\RoutingMiddleware.php(170): Cake\Http\Runner->run(Object(Cake\Http\MiddlewareQueue), Object(Cake\Http\ServerRequest), Object(Cake\Http\Response))
#11 E:\xampp\htdocs\cakephp3_api\vendor\cakephp\cakephp\src\Http\Runner.php(65): Cake\Routing\Middleware\RoutingMiddleware->__invoke(Object(Cake\Http\ServerRequest), Object(Cake\Http\Response), Object(Cake\Http\Runner))
#12 E:\xampp\htdocs\cakephp3_api\vendor\cakephp\cakephp\src\Routing\Middleware\AssetMiddleware.php(88): Cake\Http\Runner->__invoke(Object(Cake\Http\ServerRequest), Object(Cake\Http\Response))
#13 E:\xampp\htdocs\cakephp3_api\vendor\cakephp\cakephp\src\Http\Runner.php(65): Cake\Routing\Middleware\AssetMiddleware->__invoke(Object(Cake\Http\ServerRequest), Object(Cake\Http\Response), Object(Cake\Http\Runner))
#14 E:\xampp\htdocs\cakephp3_api\vendor\cakephp\cakephp\src\Error\Middleware\ErrorHandlerMiddleware.php(100): Cake\Http\Runner->__invoke(Object(Cake\Http\ServerRequest), Object(Cake\Http\Response))
#15 E:\xampp\htdocs\cakephp3_api\vendor\cakephp\cakephp\src\Http\Runner.php(65): Cake\Error\Middleware\ErrorHandlerMiddleware->__invoke(Object(Cake\Http\ServerRequest), Object(Cake\Http\Response), Object(Cake\Http\Runner))
#16 E:\xampp\htdocs\cakephp3_api\vendor\cakephp\debug_kit\src\Middleware\DebugKitMiddleware.php(53): Cake\Http\Runner->__invoke(Object(Cake\Http\ServerRequest), Object(Cake\Http\Response))
#17 E:\xampp\htdocs\cakephp3_api\vendor\cakephp\cakephp\src\Http\Runner.php(65): DebugKit\Middleware\DebugKitMiddleware->__invoke(Object(Cake\Http\ServerRequest), Object(Cake\Http\Response), Object(Cake\Http\Runner))
#18 E:\xampp\htdocs\cakephp3_api\vendor\cakephp\cakephp\src\Http\Runner.php(51): Cake\Http\Runner->__invoke(Object(Cake\Http\ServerRequest), Object(Cake\Http\Response))
#19 E:\xampp\htdocs\cakephp3_api\vendor\cakephp\cakephp\src\Http\Server.php(97): Cake\Http\Runner->run(Object(Cake\Http\MiddlewareQueue), Object(Cake\Http\ServerRequest), Object(Cake\Http\Response))
#20 E:\xampp\htdocs\cakephp3_api\webroot\index.php(40): Cake\Http\Server->run()
#21 {main}
Request URL: /users/index


2021-08-27 12:33:40 Error: [Cake\Controller\Exception\MissingActionException] Action UsersController::index.json() could not be found, or is not accessible. (E:\xampp\htdocs\cakephp3_api\vendor\cakephp\cakephp\src\Controller\Controller.php:596)
Exception Attributes: array (
  'controller' => 'UsersController',
  'action' => 'index.json',
  'prefix' => '',
  'plugin' => false,
)
#0 E:\xampp\htdocs\cakephp3_api\vendor\cakephp\cakephp\src\Http\ActionDispatcher.php(120): Cake\Controller\Controller->invokeAction()
#1 E:\xampp\htdocs\cakephp3_api\vendor\cakephp\cakephp\src\Http\ActionDispatcher.php(94): Cake\Http\ActionDispatcher->_invoke(Object(App\Controller\UsersController))
#2 E:\xampp\htdocs\cakephp3_api\vendor\cakephp\cakephp\src\Http\BaseApplication.php(256): Cake\Http\ActionDispatcher->dispatch(Object(Cake\Http\ServerRequest), Object(Cake\Http\Response))
#3 E:\xampp\htdocs\cakephp3_api\vendor\cakephp\cakephp\src\Http\Runner.php(65): Cake\Http\BaseApplication->__invoke(Object(Cake\Http\ServerRequest), Object(Cake\Http\Response), Object(Cake\Http\Runner))
#4 E:\xampp\htdocs\cakephp3_api\vendor\cakephp\cakephp\src\Http\Runner.php(65): Cake\Http\Runner->__invoke(Object(Cake\Http\ServerRequest), Object(Cake\Http\Response), Object(Cake\Http\Runner))
#5 E:\xampp\htdocs\cakephp3_api\vendor\cakephp\cakephp\src\Http\Middleware\CsrfProtectionMiddleware.php(122): Cake\Http\Runner->__invoke(Object(Cake\Http\ServerRequest), Object(Cake\Http\Response))
#6 E:\xampp\htdocs\cakephp3_api\vendor\cakephp\cakephp\src\Http\Runner.php(65): Cake\Http\Middleware\CsrfProtectionMiddleware->__invoke(Object(Cake\Http\ServerRequest), Object(Cake\Http\Response), Object(Cake\Http\Runner))
#7 E:\xampp\htdocs\cakephp3_api\vendor\cakephp\cakephp\src\Http\Runner.php(51): Cake\Http\Runner->__invoke(Object(Cake\Http\ServerRequest), Object(Cake\Http\Response))
#8 E:\xampp\htdocs\cakephp3_api\vendor\cakephp\cakephp\src\Routing\Middleware\RoutingMiddleware.php(170): Cake\Http\Runner->run(Object(Cake\Http\MiddlewareQueue), Object(Cake\Http\ServerRequest), Object(Cake\Http\Response))
#9 E:\xampp\htdocs\cakephp3_api\vendor\cakephp\cakephp\src\Http\Runner.php(65): Cake\Routing\Middleware\RoutingMiddleware->__invoke(Object(Cake\Http\ServerRequest), Object(Cake\Http\Response), Object(Cake\Http\Runner))
#10 E:\xampp\htdocs\cakephp3_api\vendor\cakephp\cakephp\src\Routing\Middleware\AssetMiddleware.php(97): Cake\Http\Runner->__invoke(Object(Cake\Http\ServerRequest), Object(Cake\Http\Response))
#11 E:\xampp\htdocs\cakephp3_api\vendor\cakephp\cakephp\src\Http\Runner.php(65): Cake\Routing\Middleware\AssetMiddleware->__invoke(Object(Cake\Http\ServerRequest), Object(Cake\Http\Response), Object(Cake\Http\Runner))
#12 E:\xampp\htdocs\cakephp3_api\vendor\cakephp\cakephp\src\Error\Middleware\ErrorHandlerMiddleware.php(100): Cake\Http\Runner->__invoke(Object(Cake\Http\ServerRequest), Object(Cake\Http\Response))
#13 E:\xampp\htdocs\cakephp3_api\vendor\cakephp\cakephp\src\Http\Runner.php(65): Cake\Error\Middleware\ErrorHandlerMiddleware->__invoke(Object(Cake\Http\ServerRequest), Object(Cake\Http\Response), Object(Cake\Http\Runner))
#14 E:\xampp\htdocs\cakephp3_api\vendor\cakephp\debug_kit\src\Middleware\DebugKitMiddleware.php(53): Cake\Http\Runner->__invoke(Object(Cake\Http\ServerRequest), Object(Cake\Http\Response))
#15 E:\xampp\htdocs\cakephp3_api\vendor\cakephp\cakephp\src\Http\Runner.php(65): DebugKit\Middleware\DebugKitMiddleware->__invoke(Object(Cake\Http\ServerRequest), Object(Cake\Http\Response), Object(Cake\Http\Runner))
#16 E:\xampp\htdocs\cakephp3_api\vendor\cakephp\cakephp\src\Http\Runner.php(51): Cake\Http\Runner->__invoke(Object(Cake\Http\ServerRequest), Object(Cake\Http\Response))
#17 E:\xampp\htdocs\cakephp3_api\vendor\cakephp\cakephp\src\Http\Server.php(97): Cake\Http\Runner->run(Object(Cake\Http\MiddlewareQueue), Object(Cake\Http\ServerRequest), Object(Cake\Http\Response))
#18 E:\xampp\htdocs\cakephp3_api\webroot\index.php(40): Cake\Http\Server->run()
#19 {main}
Request URL: /users/index.json


2021-08-27 12:39:27 Error: [Error] Class 'App\Controller\Api\AppController' not found (E:\xampp\htdocs\cakephp3_api\src\Controller\Api\UsersController.php:12)
#0 E:\xampp\htdocs\cakephp3_api\vendor\composer\ClassLoader.php(444): include()
#1 E:\xampp\htdocs\cakephp3_api\vendor\composer\ClassLoader.php(322): Composer\Autoload\includeFile('E:\\xampp\\htdocs...')
#2 [internal function]: Composer\Autoload\ClassLoader->loadClass('App\\Controller\\...')
#3 [internal function]: spl_autoload_call('App\\Controller\\...')
#4 E:\xampp\htdocs\cakephp3_api\vendor\cakephp\cakephp\src\Core\App.php(151): class_exists('App\\Controller\\...')
#5 E:\xampp\htdocs\cakephp3_api\vendor\cakephp\cakephp\src\Core\App.php(63): Cake\Core\App::_classExistsInBase('\\Controller\\Api...', 'App')
#6 E:\xampp\htdocs\cakephp3_api\vendor\cakephp\cakephp\src\Http\ControllerFactory.php(93): Cake\Core\App::className('Users', 'Controller/Api', 'Controller')
#7 E:\xampp\htdocs\cakephp3_api\vendor\cakephp\cakephp\src\Http\ControllerFactory.php(37): Cake\Http\ControllerFactory->getControllerClass(Object(Cake\Http\ServerRequest))
#8 E:\xampp\htdocs\cakephp3_api\vendor\cakephp\cakephp\src\Http\ActionDispatcher.php(91): Cake\Http\ControllerFactory->create(Object(Cake\Http\ServerRequest), Object(Cake\Http\Response))
#9 E:\xampp\htdocs\cakephp3_api\vendor\cakephp\cakephp\src\Http\BaseApplication.php(256): Cake\Http\ActionDispatcher->dispatch(Object(Cake\Http\ServerRequest), Object(Cake\Http\Response))
#10 E:\xampp\htdocs\cakephp3_api\vendor\cakephp\cakephp\src\Http\Runner.php(65): Cake\Http\BaseApplication->__invoke(Object(Cake\Http\ServerRequest), Object(Cake\Http\Response), Object(Cake\Http\Runner))
#11 E:\xampp\htdocs\cakephp3_api\vendor\cakephp\cakephp\src\Routing\Middleware\RoutingMiddleware.php(164): Cake\Http\Runner->__invoke(Object(Cake\Http\ServerRequest), Object(Cake\Http\Response))
#12 E:\xampp\htdocs\cakephp3_api\vendor\cakephp\cakephp\src\Http\Runner.php(65): Cake\Routing\Middleware\RoutingMiddleware->__invoke(Object(Cake\Http\ServerRequest), Object(Cake\Http\Response), Object(Cake\Http\Runner))
#13 E:\xampp\htdocs\cakephp3_api\vendor\cakephp\cakephp\src\Routing\Middleware\AssetMiddleware.php(88): Cake\Http\Runner->__invoke(Object(Cake\Http\ServerRequest), Object(Cake\Http\Response))
#14 E:\xampp\htdocs\cakephp3_api\vendor\cakephp\cakephp\src\Http\Runner.php(65): Cake\Routing\Middleware\AssetMiddleware->__invoke(Object(Cake\Http\ServerRequest), Object(Cake\Http\Response), Object(Cake\Http\Runner))
#15 E:\xampp\htdocs\cakephp3_api\vendor\cakephp\cakephp\src\Error\Middleware\ErrorHandlerMiddleware.php(100): Cake\Http\Runner->__invoke(Object(Cake\Http\ServerRequest), Object(Cake\Http\Response))
#16 E:\xampp\htdocs\cakephp3_api\vendor\cakephp\cakephp\src\Http\Runner.php(65): Cake\Error\Middleware\ErrorHandlerMiddleware->__invoke(Object(Cake\Http\ServerRequest), Object(Cake\Http\Response), Object(Cake\Http\Runner))
#17 E:\xampp\htdocs\cakephp3_api\vendor\cakephp\debug_kit\src\Middleware\DebugKitMiddleware.php(53): Cake\Http\Runner->__invoke(Object(Cake\Http\ServerRequest), Object(Cake\Http\Response))
#18 E:\xampp\htdocs\cakephp3_api\vendor\cakephp\cakephp\src\Http\Runner.php(65): DebugKit\Middleware\DebugKitMiddleware->__invoke(Object(Cake\Http\ServerRequest), Object(Cake\Http\Response), Object(Cake\Http\Runner))
#19 E:\xampp\htdocs\cakephp3_api\vendor\cakephp\cakephp\src\Http\Runner.php(51): Cake\Http\Runner->__invoke(Object(Cake\Http\ServerRequest), Object(Cake\Http\Response))
#20 E:\xampp\htdocs\cakephp3_api\vendor\cakephp\cakephp\src\Http\Server.php(97): Cake\Http\Runner->run(Object(Cake\Http\MiddlewareQueue), Object(Cake\Http\ServerRequest), Object(Cake\Http\Response))
#21 E:\xampp\htdocs\cakephp3_api\webroot\index.php(40): Cake\Http\Server->run()
#22 {main}
Request URL: /api/users/add


2021-08-27 12:43:22 Error: [Error] Class 'App\Controller\Api\AppController' not found (E:\xampp\htdocs\cakephp3_api\src\Controller\Api\UsersController.php:12)
#0 E:\xampp\htdocs\cakephp3_api\vendor\composer\ClassLoader.php(444): include()
#1 E:\xampp\htdocs\cakephp3_api\vendor\composer\ClassLoader.php(322): Composer\Autoload\includeFile('E:\\xampp\\htdocs...')
#2 [internal function]: Composer\Autoload\ClassLoader->loadClass('App\\Controller\\...')
#3 [internal function]: spl_autoload_call('App\\Controller\\...')
#4 E:\xampp\htdocs\cakephp3_api\vendor\cakephp\cakephp\src\Core\App.php(151): class_exists('App\\Controller\\...')
#5 E:\xampp\htdocs\cakephp3_api\vendor\cakephp\cakephp\src\Core\App.php(63): Cake\Core\App::_classExistsInBase('\\Controller\\Api...', 'App')
#6 E:\xampp\htdocs\cakephp3_api\vendor\cakephp\cakephp\src\Http\ControllerFactory.php(93): Cake\Core\App::className('Users', 'Controller/Api', 'Controller')
#7 E:\xampp\htdocs\cakephp3_api\vendor\cakephp\cakephp\src\Http\ControllerFactory.php(37): Cake\Http\ControllerFactory->getControllerClass(Object(Cake\Http\ServerRequest))
#8 E:\xampp\htdocs\cakephp3_api\vendor\cakephp\cakephp\src\Http\ActionDispatcher.php(91): Cake\Http\ControllerFactory->create(Object(Cake\Http\ServerRequest), Object(Cake\Http\Response))
#9 E:\xampp\htdocs\cakephp3_api\vendor\cakephp\cakephp\src\Http\BaseApplication.php(256): Cake\Http\ActionDispatcher->dispatch(Object(Cake\Http\ServerRequest), Object(Cake\Http\Response))
#10 E:\xampp\htdocs\cakephp3_api\vendor\cakephp\cakephp\src\Http\Runner.php(65): Cake\Http\BaseApplication->__invoke(Object(Cake\Http\ServerRequest), Object(Cake\Http\Response), Object(Cake\Http\Runner))
#11 E:\xampp\htdocs\cakephp3_api\vendor\cakephp\cakephp\src\Routing\Middleware\RoutingMiddleware.php(164): Cake\Http\Runner->__invoke(Object(Cake\Http\ServerRequest), Object(Cake\Http\Response))
#12 E:\xampp\htdocs\cakephp3_api\vendor\cakephp\cakephp\src\Http\Runner.php(65): Cake\Routing\Middleware\RoutingMiddleware->__invoke(Object(Cake\Http\ServerRequest), Object(Cake\Http\Response), Object(Cake\Http\Runner))
#13 E:\xampp\htdocs\cakephp3_api\vendor\cakephp\cakephp\src\Routing\Middleware\AssetMiddleware.php(88): Cake\Http\Runner->__invoke(Object(Cake\Http\ServerRequest), Object(Cake\Http\Response))
#14 E:\xampp\htdocs\cakephp3_api\vendor\cakephp\cakephp\src\Http\Runner.php(65): Cake\Routing\Middleware\AssetMiddleware->__invoke(Object(Cake\Http\ServerRequest), Object(Cake\Http\Response), Object(Cake\Http\Runner))
#15 E:\xampp\htdocs\cakephp3_api\vendor\cakephp\cakephp\src\Error\Middleware\ErrorHandlerMiddleware.php(100): Cake\Http\Runner->__invoke(Object(Cake\Http\ServerRequest), Object(Cake\Http\Response))
#16 E:\xampp\htdocs\cakephp3_api\vendor\cakephp\cakephp\src\Http\Runner.php(65): Cake\Error\Middleware\ErrorHandlerMiddleware->__invoke(Object(Cake\Http\ServerRequest), Object(Cake\Http\Response), Object(Cake\Http\Runner))
#17 E:\xampp\htdocs\cakephp3_api\vendor\cakephp\debug_kit\src\Middleware\DebugKitMiddleware.php(53): Cake\Http\Runner->__invoke(Object(Cake\Http\ServerRequest), Object(Cake\Http\Response))
#18 E:\xampp\htdocs\cakephp3_api\vendor\cakephp\cakephp\src\Http\Runner.php(65): DebugKit\Middleware\DebugKitMiddleware->__invoke(Object(Cake\Http\ServerRequest), Object(Cake\Http\Response), Object(Cake\Http\Runner))
#19 E:\xampp\htdocs\cakephp3_api\vendor\cakephp\cakephp\src\Http\Runner.php(51): Cake\Http\Runner->__invoke(Object(Cake\Http\ServerRequest), Object(Cake\Http\Response))
#20 E:\xampp\htdocs\cakephp3_api\vendor\cakephp\cakephp\src\Http\Server.php(97): Cake\Http\Runner->run(Object(Cake\Http\MiddlewareQueue), Object(Cake\Http\ServerRequest), Object(Cake\Http\Response))
#21 E:\xampp\htdocs\cakephp3_api\webroot\index.php(40): Cake\Http\Server->run()
#22 {main}
Request URL: /api/users/add


2021-08-27 12:43:23 Error: [Error] Class 'App\Controller\Api\AppController' not found (E:\xampp\htdocs\cakephp3_api\src\Controller\Api\UsersController.php:12)
#0 E:\xampp\htdocs\cakephp3_api\vendor\composer\ClassLoader.php(444): include()
#1 E:\xampp\htdocs\cakephp3_api\vendor\composer\ClassLoader.php(322): Composer\Autoload\includeFile('E:\\xampp\\htdocs...')
#2 [internal function]: Composer\Autoload\ClassLoader->loadClass('App\\Controller\\...')
#3 [internal function]: spl_autoload_call('App\\Controller\\...')
#4 E:\xampp\htdocs\cakephp3_api\vendor\cakephp\cakephp\src\Core\App.php(151): class_exists('App\\Controller\\...')
#5 E:\xampp\htdocs\cakephp3_api\vendor\cakephp\cakephp\src\Core\App.php(63): Cake\Core\App::_classExistsInBase('\\Controller\\Api...', 'App')
#6 E:\xampp\htdocs\cakephp3_api\vendor\cakephp\cakephp\src\Http\ControllerFactory.php(93): Cake\Core\App::className('Users', 'Controller/Api', 'Controller')
#7 E:\xampp\htdocs\cakephp3_api\vendor\cakephp\cakephp\src\Http\ControllerFactory.php(37): Cake\Http\ControllerFactory->getControllerClass(Object(Cake\Http\ServerRequest))
#8 E:\xampp\htdocs\cakephp3_api\vendor\cakephp\cakephp\src\Http\ActionDispatcher.php(91): Cake\Http\ControllerFactory->create(Object(Cake\Http\ServerRequest), Object(Cake\Http\Response))
#9 E:\xampp\htdocs\cakephp3_api\vendor\cakephp\cakephp\src\Http\BaseApplication.php(256): Cake\Http\ActionDispatcher->dispatch(Object(Cake\Http\ServerRequest), Object(Cake\Http\Response))
#10 E:\xampp\htdocs\cakephp3_api\vendor\cakephp\cakephp\src\Http\Runner.php(65): Cake\Http\BaseApplication->__invoke(Object(Cake\Http\ServerRequest), Object(Cake\Http\Response), Object(Cake\Http\Runner))
#11 E:\xampp\htdocs\cakephp3_api\vendor\cakephp\cakephp\src\Routing\Middleware\RoutingMiddleware.php(164): Cake\Http\Runner->__invoke(Object(Cake\Http\ServerRequest), Object(Cake\Http\Response))
#12 E:\xampp\htdocs\cakephp3_api\vendor\cakephp\cakephp\src\Http\Runner.php(65): Cake\Routing\Middleware\RoutingMiddleware->__invoke(Object(Cake\Http\ServerRequest), Object(Cake\Http\Response), Object(Cake\Http\Runner))
#13 E:\xampp\htdocs\cakephp3_api\vendor\cakephp\cakephp\src\Routing\Middleware\AssetMiddleware.php(88): Cake\Http\Runner->__invoke(Object(Cake\Http\ServerRequest), Object(Cake\Http\Response))
#14 E:\xampp\htdocs\cakephp3_api\vendor\cakephp\cakephp\src\Http\Runner.php(65): Cake\Routing\Middleware\AssetMiddleware->__invoke(Object(Cake\Http\ServerRequest), Object(Cake\Http\Response), Object(Cake\Http\Runner))
#15 E:\xampp\htdocs\cakephp3_api\vendor\cakephp\cakephp\src\Error\Middleware\ErrorHandlerMiddleware.php(100): Cake\Http\Runner->__invoke(Object(Cake\Http\ServerRequest), Object(Cake\Http\Response))
#16 E:\xampp\htdocs\cakephp3_api\vendor\cakephp\cakephp\src\Http\Runner.php(65): Cake\Error\Middleware\ErrorHandlerMiddleware->__invoke(Object(Cake\Http\ServerRequest), Object(Cake\Http\Response), Object(Cake\Http\Runner))
#17 E:\xampp\htdocs\cakephp3_api\vendor\cakephp\debug_kit\src\Middleware\DebugKitMiddleware.php(53): Cake\Http\Runner->__invoke(Object(Cake\Http\ServerRequest), Object(Cake\Http\Response))
#18 E:\xampp\htdocs\cakephp3_api\vendor\cakephp\cakephp\src\Http\Runner.php(65): DebugKit\Middleware\DebugKitMiddleware->__invoke(Object(Cake\Http\ServerRequest), Object(Cake\Http\Response), Object(Cake\Http\Runner))
#19 E:\xampp\htdocs\cakephp3_api\vendor\cakephp\cakephp\src\Http\Runner.php(51): Cake\Http\Runner->__invoke(Object(Cake\Http\ServerRequest), Object(Cake\Http\Response))
#20 E:\xampp\htdocs\cakephp3_api\vendor\cakephp\cakephp\src\Http\Server.php(97): Cake\Http\Runner->run(Object(Cake\Http\MiddlewareQueue), Object(Cake\Http\ServerRequest), Object(Cake\Http\Response))
#21 E:\xampp\htdocs\cakephp3_api\webroot\index.php(40): Cake\Http\Server->run()
#22 {main}
Request URL: /api/users/add


2021-08-27 12:46:44 Error: [Cake\Routing\Exception\MissingControllerException] Controller class Api could not be found. (E:\xampp\htdocs\cakephp3_api\vendor\cakephp\cakephp\src\Http\ControllerFactory.php:105)
Exception Attributes: array (
  'class' => 'Api',
  'plugin' => false,
  'prefix' => false,
  '_ext' => false,
)
#0 E:\xampp\htdocs\cakephp3_api\vendor\cakephp\cakephp\src\Http\ControllerFactory.php(39): Cake\Http\ControllerFactory->missingController(Object(Cake\Http\ServerRequest))
#1 E:\xampp\htdocs\cakephp3_api\vendor\cakephp\cakephp\src\Http\ActionDispatcher.php(91): Cake\Http\ControllerFactory->create(Object(Cake\Http\ServerRequest), Object(Cake\Http\Response))
#2 E:\xampp\htdocs\cakephp3_api\vendor\cakephp\cakephp\src\Http\BaseApplication.php(256): Cake\Http\ActionDispatcher->dispatch(Object(Cake\Http\ServerRequest), Object(Cake\Http\Response))
#3 E:\xampp\htdocs\cakephp3_api\vendor\cakephp\cakephp\src\Http\Runner.php(65): Cake\Http\BaseApplication->__invoke(Object(Cake\Http\ServerRequest), Object(Cake\Http\Response), Object(Cake\Http\Runner))
#4 E:\xampp\htdocs\cakephp3_api\vendor\cakephp\cakephp\src\Http\Runner.php(65): Cake\Http\Runner->__invoke(Object(Cake\Http\ServerRequest), Object(Cake\Http\Response), Object(Cake\Http\Runner))
#5 E:\xampp\htdocs\cakephp3_api\vendor\cakephp\cakephp\src\Http\Middleware\CsrfProtectionMiddleware.php(122): Cake\Http\Runner->__invoke(Object(Cake\Http\ServerRequest), Object(Cake\Http\Response))
#6 E:\xampp\htdocs\cakephp3_api\vendor\cakephp\cakephp\src\Http\Runner.php(65): Cake\Http\Middleware\CsrfProtectionMiddleware->__invoke(Object(Cake\Http\ServerRequest), Object(Cake\Http\Response), Object(Cake\Http\Runner))
#7 E:\xampp\htdocs\cakephp3_api\vendor\cakephp\cakephp\src\Http\Runner.php(51): Cake\Http\Runner->__invoke(Object(Cake\Http\ServerRequest), Object(Cake\Http\Response))
#8 E:\xampp\htdocs\cakephp3_api\vendor\cakephp\cakephp\src\Routing\Middleware\RoutingMiddleware.php(170): Cake\Http\Runner->run(Object(Cake\Http\MiddlewareQueue), Object(Cake\Http\ServerRequest), Object(Cake\Http\Response))
#9 E:\xampp\htdocs\cakephp3_api\vendor\cakephp\cakephp\src\Http\Runner.php(65): Cake\Routing\Middleware\RoutingMiddleware->__invoke(Object(Cake\Http\ServerRequest), Object(Cake\Http\Response), Object(Cake\Http\Runner))
#10 E:\xampp\htdocs\cakephp3_api\vendor\cakephp\cakephp\src\Routing\Middleware\AssetMiddleware.php(88): Cake\Http\Runner->__invoke(Object(Cake\Http\ServerRequest), Object(Cake\Http\Response))
#11 E:\xampp\htdocs\cakephp3_api\vendor\cakephp\cakephp\src\Http\Runner.php(65): Cake\Routing\Middleware\AssetMiddleware->__invoke(Object(Cake\Http\ServerRequest), Object(Cake\Http\Response), Object(Cake\Http\Runner))
#12 E:\xampp\htdocs\cakephp3_api\vendor\cakephp\cakephp\src\Error\Middleware\ErrorHandlerMiddleware.php(100): Cake\Http\Runner->__invoke(Object(Cake\Http\ServerRequest), Object(Cake\Http\Response))
#13 E:\xampp\htdocs\cakephp3_api\vendor\cakephp\cakephp\src\Http\Runner.php(65): Cake\Error\Middleware\ErrorHandlerMiddleware->__invoke(Object(Cake\Http\ServerRequest), Object(Cake\Http\Response), Object(Cake\Http\Runner))
#14 E:\xampp\htdocs\cakephp3_api\vendor\cakephp\debug_kit\src\Middleware\DebugKitMiddleware.php(53): Cake\Http\Runner->__invoke(Object(Cake\Http\ServerRequest), Object(Cake\Http\Response))
#15 E:\xampp\htdocs\cakephp3_api\vendor\cakephp\cakephp\src\Http\Runner.php(65): DebugKit\Middleware\DebugKitMiddleware->__invoke(Object(Cake\Http\ServerRequest), Object(Cake\Http\Response), Object(Cake\Http\Runner))
#16 E:\xampp\htdocs\cakephp3_api\vendor\cakephp\cakephp\src\Http\Runner.php(51): Cake\Http\Runner->__invoke(Object(Cake\Http\ServerRequest), Object(Cake\Http\Response))
#17 E:\xampp\htdocs\cakephp3_api\vendor\cakephp\cakephp\src\Http\Server.php(97): Cake\Http\Runner->run(Object(Cake\Http\MiddlewareQueue), Object(Cake\Http\ServerRequest), Object(Cake\Http\Response))
#18 E:\xampp\htdocs\cakephp3_api\webroot\index.php(40): Cake\Http\Server->run()
#19 {main}
Request URL: /api/users/


2021-08-27 12:47:34 Error: [Cake\View\Exception\MissingTemplateException] Template file "Users\index.ctp" is missing. (E:\xampp\htdocs\cakephp3_api\vendor\cakephp\cakephp\src\View\View.php:1605)
Exception Attributes: array (
  'file' => 'Users\\index.ctp',
)
#0 E:\xampp\htdocs\cakephp3_api\vendor\cakephp\cakephp\src\View\View.php(888): Cake\View\View->_getViewFileName('Users\\index')
#1 E:\xampp\htdocs\cakephp3_api\vendor\cakephp\cakephp\src\Controller\Controller.php(791): Cake\View\View->render(NULL, NULL)
#2 E:\xampp\htdocs\cakephp3_api\vendor\cakephp\cakephp\src\Http\ActionDispatcher.php(126): Cake\Controller\Controller->render()
#3 E:\xampp\htdocs\cakephp3_api\vendor\cakephp\cakephp\src\Http\ActionDispatcher.php(94): Cake\Http\ActionDispatcher->_invoke(Object(App\Controller\UsersController))
#4 E:\xampp\htdocs\cakephp3_api\vendor\cakephp\cakephp\src\Http\BaseApplication.php(256): Cake\Http\ActionDispatcher->dispatch(Object(Cake\Http\ServerRequest), Object(Cake\Http\Response))
#5 E:\xampp\htdocs\cakephp3_api\vendor\cakephp\cakephp\src\Http\Runner.php(65): Cake\Http\BaseApplication->__invoke(Object(Cake\Http\ServerRequest), Object(Cake\Http\Response), Object(Cake\Http\Runner))
#6 E:\xampp\htdocs\cakephp3_api\vendor\cakephp\cakephp\src\Http\Runner.php(65): Cake\Http\Runner->__invoke(Object(Cake\Http\ServerRequest), Object(Cake\Http\Response), Object(Cake\Http\Runner))
#7 E:\xampp\htdocs\cakephp3_api\vendor\cakephp\cakephp\src\Http\Middleware\CsrfProtectionMiddleware.php(122): Cake\Http\Runner->__invoke(Object(Cake\Http\ServerRequest), Object(Cake\Http\Response))
#8 E:\xampp\htdocs\cakephp3_api\vendor\cakephp\cakephp\src\Http\Runner.php(65): Cake\Http\Middleware\CsrfProtectionMiddleware->__invoke(Object(Cake\Http\ServerRequest), Object(Cake\Http\Response), Object(Cake\Http\Runner))
#9 E:\xampp\htdocs\cakephp3_api\vendor\cakephp\cakephp\src\Http\Runner.php(51): Cake\Http\Runner->__invoke(Object(Cake\Http\ServerRequest), Object(Cake\Http\Response))
#10 E:\xampp\htdocs\cakephp3_api\vendor\cakephp\cakephp\src\Routing\Middleware\RoutingMiddleware.php(170): Cake\Http\Runner->run(Object(Cake\Http\MiddlewareQueue), Object(Cake\Http\ServerRequest), Object(Cake\Http\Response))
#11 E:\xampp\htdocs\cakephp3_api\vendor\cakephp\cakephp\src\Http\Runner.php(65): Cake\Routing\Middleware\RoutingMiddleware->__invoke(Object(Cake\Http\ServerRequest), Object(Cake\Http\Response), Object(Cake\Http\Runner))
#12 E:\xampp\htdocs\cakephp3_api\vendor\cakephp\cakephp\src\Routing\Middleware\AssetMiddleware.php(88): Cake\Http\Runner->__invoke(Object(Cake\Http\ServerRequest), Object(Cake\Http\Response))
#13 E:\xampp\htdocs\cakephp3_api\vendor\cakephp\cakephp\src\Http\Runner.php(65): Cake\Routing\Middleware\AssetMiddleware->__invoke(Object(Cake\Http\ServerRequest), Object(Cake\Http\Response), Object(Cake\Http\Runner))
#14 E:\xampp\htdocs\cakephp3_api\vendor\cakephp\cakephp\src\Error\Middleware\ErrorHandlerMiddleware.php(100): Cake\Http\Runner->__invoke(Object(Cake\Http\ServerRequest), Object(Cake\Http\Response))
#15 E:\xampp\htdocs\cakephp3_api\vendor\cakephp\cakephp\src\Http\Runner.php(65): Cake\Error\Middleware\ErrorHandlerMiddleware->__invoke(Object(Cake\Http\ServerRequest), Object(Cake\Http\Response), Object(Cake\Http\Runner))
#16 E:\xampp\htdocs\cakephp3_api\vendor\cakephp\debug_kit\src\Middleware\DebugKitMiddleware.php(53): Cake\Http\Runner->__invoke(Object(Cake\Http\ServerRequest), Object(Cake\Http\Response))
#17 E:\xampp\htdocs\cakephp3_api\vendor\cakephp\cakephp\src\Http\Runner.php(65): DebugKit\Middleware\DebugKitMiddleware->__invoke(Object(Cake\Http\ServerRequest), Object(Cake\Http\Response), Object(Cake\Http\Runner))
#18 E:\xampp\htdocs\cakephp3_api\vendor\cakephp\cakephp\src\Http\Runner.php(51): Cake\Http\Runner->__invoke(Object(Cake\Http\ServerRequest), Object(Cake\Http\Response))
#19 E:\xampp\htdocs\cakephp3_api\vendor\cakephp\cakephp\src\Http\Server.php(97): Cake\Http\Runner->run(Object(Cake\Http\MiddlewareQueue), Object(Cake\Http\ServerRequest), Object(Cake\Http\Response))
#20 E:\xampp\htdocs\cakephp3_api\webroot\index.php(40): Cake\Http\Server->run()
#21 {main}
Request URL: /api/users/


2021-08-27 12:52:46 Error: [Error] Class 'App\Controller\Api\AppController' not found (E:\xampp\htdocs\cakephp3_api\src\Controller\Api\UsersController.php:12)
#0 E:\xampp\htdocs\cakephp3_api\vendor\composer\ClassLoader.php(444): include()
#1 E:\xampp\htdocs\cakephp3_api\vendor\composer\ClassLoader.php(322): Composer\Autoload\includeFile('E:\\xampp\\htdocs...')
#2 [internal function]: Composer\Autoload\ClassLoader->loadClass('App\\Controller\\...')
#3 [internal function]: spl_autoload_call('App\\Controller\\...')
#4 E:\xampp\htdocs\cakephp3_api\vendor\cakephp\cakephp\src\Core\App.php(151): class_exists('App\\Controller\\...')
#5 E:\xampp\htdocs\cakephp3_api\vendor\cakephp\cakephp\src\Core\App.php(63): Cake\Core\App::_classExistsInBase('\\Controller\\Api...', 'App')
#6 E:\xampp\htdocs\cakephp3_api\vendor\cakephp\cakephp\src\Http\ControllerFactory.php(93): Cake\Core\App::className('Users', 'Controller/Api', 'Controller')
#7 E:\xampp\htdocs\cakephp3_api\vendor\cakephp\cakephp\src\Http\ControllerFactory.php(37): Cake\Http\ControllerFactory->getControllerClass(Object(Cake\Http\ServerRequest))
#8 E:\xampp\htdocs\cakephp3_api\vendor\cakephp\cakephp\src\Http\ActionDispatcher.php(91): Cake\Http\ControllerFactory->create(Object(Cake\Http\ServerRequest), Object(Cake\Http\Response))
#9 E:\xampp\htdocs\cakephp3_api\vendor\cakephp\cakephp\src\Http\BaseApplication.php(256): Cake\Http\ActionDispatcher->dispatch(Object(Cake\Http\ServerRequest), Object(Cake\Http\Response))
#10 E:\xampp\htdocs\cakephp3_api\vendor\cakephp\cakephp\src\Http\Runner.php(65): Cake\Http\BaseApplication->__invoke(Object(Cake\Http\ServerRequest), Object(Cake\Http\Response), Object(Cake\Http\Runner))
#11 E:\xampp\htdocs\cakephp3_api\vendor\cakephp\cakephp\src\Routing\Middleware\RoutingMiddleware.php(164): Cake\Http\Runner->__invoke(Object(Cake\Http\ServerRequest), Object(Cake\Http\Response))
#12 E:\xampp\htdocs\cakephp3_api\vendor\cakephp\cakephp\src\Http\Runner.php(65): Cake\Routing\Middleware\RoutingMiddleware->__invoke(Object(Cake\Http\ServerRequest), Object(Cake\Http\Response), Object(Cake\Http\Runner))
#13 E:\xampp\htdocs\cakephp3_api\vendor\cakephp\cakephp\src\Routing\Middleware\AssetMiddleware.php(88): Cake\Http\Runner->__invoke(Object(Cake\Http\ServerRequest), Object(Cake\Http\Response))
#14 E:\xampp\htdocs\cakephp3_api\vendor\cakephp\cakephp\src\Http\Runner.php(65): Cake\Routing\Middleware\AssetMiddleware->__invoke(Object(Cake\Http\ServerRequest), Object(Cake\Http\Response), Object(Cake\Http\Runner))
#15 E:\xampp\htdocs\cakephp3_api\vendor\cakephp\cakephp\src\Error\Middleware\ErrorHandlerMiddleware.php(100): Cake\Http\Runner->__invoke(Object(Cake\Http\ServerRequest), Object(Cake\Http\Response))
#16 E:\xampp\htdocs\cakephp3_api\vendor\cakephp\cakephp\src\Http\Runner.php(65): Cake\Error\Middleware\ErrorHandlerMiddleware->__invoke(Object(Cake\Http\ServerRequest), Object(Cake\Http\Response), Object(Cake\Http\Runner))
#17 E:\xampp\htdocs\cakephp3_api\vendor\cakephp\debug_kit\src\Middleware\DebugKitMiddleware.php(53): Cake\Http\Runner->__invoke(Object(Cake\Http\ServerRequest), Object(Cake\Http\Response))
#18 E:\xampp\htdocs\cakephp3_api\vendor\cakephp\cakephp\src\Http\Runner.php(65): DebugKit\Middleware\DebugKitMiddleware->__invoke(Object(Cake\Http\ServerRequest), Object(Cake\Http\Response), Object(Cake\Http\Runner))
#19 E:\xampp\htdocs\cakephp3_api\vendor\cakephp\cakephp\src\Http\Runner.php(51): Cake\Http\Runner->__invoke(Object(Cake\Http\ServerRequest), Object(Cake\Http\Response))
#20 E:\xampp\htdocs\cakephp3_api\vendor\cakephp\cakephp\src\Http\Server.php(97): Cake\Http\Runner->run(Object(Cake\Http\MiddlewareQueue), Object(Cake\Http\ServerRequest), Object(Cake\Http\Response))
#21 E:\xampp\htdocs\cakephp3_api\webroot\index.php(40): Cake\Http\Server->run()
#22 {main}
Request URL: /api/users/inex


2021-08-27 12:52:51 Error: [Error] Class 'App\Controller\Api\AppController' not found (E:\xampp\htdocs\cakephp3_api\src\Controller\Api\UsersController.php:12)
#0 E:\xampp\htdocs\cakephp3_api\vendor\composer\ClassLoader.php(444): include()
#1 E:\xampp\htdocs\cakephp3_api\vendor\composer\ClassLoader.php(322): Composer\Autoload\includeFile('E:\\xampp\\htdocs...')
#2 [internal function]: Composer\Autoload\ClassLoader->loadClass('App\\Controller\\...')
#3 [internal function]: spl_autoload_call('App\\Controller\\...')
#4 E:\xampp\htdocs\cakephp3_api\vendor\cakephp\cakephp\src\Core\App.php(151): class_exists('App\\Controller\\...')
#5 E:\xampp\htdocs\cakephp3_api\vendor\cakephp\cakephp\src\Core\App.php(63): Cake\Core\App::_classExistsInBase('\\Controller\\Api...', 'App')
#6 E:\xampp\htdocs\cakephp3_api\vendor\cakephp\cakephp\src\Http\ControllerFactory.php(93): Cake\Core\App::className('Users', 'Controller/Api', 'Controller')
#7 E:\xampp\htdocs\cakephp3_api\vendor\cakephp\cakephp\src\Http\ControllerFactory.php(37): Cake\Http\ControllerFactory->getControllerClass(Object(Cake\Http\ServerRequest))
#8 E:\xampp\htdocs\cakephp3_api\vendor\cakephp\cakephp\src\Http\ActionDispatcher.php(91): Cake\Http\ControllerFactory->create(Object(Cake\Http\ServerRequest), Object(Cake\Http\Response))
#9 E:\xampp\htdocs\cakephp3_api\vendor\cakephp\cakephp\src\Http\BaseApplication.php(256): Cake\Http\ActionDispatcher->dispatch(Object(Cake\Http\ServerRequest), Object(Cake\Http\Response))
#10 E:\xampp\htdocs\cakephp3_api\vendor\cakephp\cakephp\src\Http\Runner.php(65): Cake\Http\BaseApplication->__invoke(Object(Cake\Http\ServerRequest), Object(Cake\Http\Response), Object(Cake\Http\Runner))
#11 E:\xampp\htdocs\cakephp3_api\vendor\cakephp\cakephp\src\Routing\Middleware\RoutingMiddleware.php(164): Cake\Http\Runner->__invoke(Object(Cake\Http\ServerRequest), Object(Cake\Http\Response))
#12 E:\xampp\htdocs\cakephp3_api\vendor\cakephp\cakephp\src\Http\Runner.php(65): Cake\Routing\Middleware\RoutingMiddleware->__invoke(Object(Cake\Http\ServerRequest), Object(Cake\Http\Response), Object(Cake\Http\Runner))
#13 E:\xampp\htdocs\cakephp3_api\vendor\cakephp\cakephp\src\Routing\Middleware\AssetMiddleware.php(88): Cake\Http\Runner->__invoke(Object(Cake\Http\ServerRequest), Object(Cake\Http\Response))
#14 E:\xampp\htdocs\cakephp3_api\vendor\cakephp\cakephp\src\Http\Runner.php(65): Cake\Routing\Middleware\AssetMiddleware->__invoke(Object(Cake\Http\ServerRequest), Object(Cake\Http\Response), Object(Cake\Http\Runner))
#15 E:\xampp\htdocs\cakephp3_api\vendor\cakephp\cakephp\src\Error\Middleware\ErrorHandlerMiddleware.php(100): Cake\Http\Runner->__invoke(Object(Cake\Http\ServerRequest), Object(Cake\Http\Response))
#16 E:\xampp\htdocs\cakephp3_api\vendor\cakephp\cakephp\src\Http\Runner.php(65): Cake\Error\Middleware\ErrorHandlerMiddleware->__invoke(Object(Cake\Http\ServerRequest), Object(Cake\Http\Response), Object(Cake\Http\Runner))
#17 E:\xampp\htdocs\cakephp3_api\vendor\cakephp\debug_kit\src\Middleware\DebugKitMiddleware.php(53): Cake\Http\Runner->__invoke(Object(Cake\Http\ServerRequest), Object(Cake\Http\Response))
#18 E:\xampp\htdocs\cakephp3_api\vendor\cakephp\cakephp\src\Http\Runner.php(65): DebugKit\Middleware\DebugKitMiddleware->__invoke(Object(Cake\Http\ServerRequest), Object(Cake\Http\Response), Object(Cake\Http\Runner))
#19 E:\xampp\htdocs\cakephp3_api\vendor\cakephp\cakephp\src\Http\Runner.php(51): Cake\Http\Runner->__invoke(Object(Cake\Http\ServerRequest), Object(Cake\Http\Response))
#20 E:\xampp\htdocs\cakephp3_api\vendor\cakephp\cakephp\src\Http\Server.php(97): Cake\Http\Runner->run(Object(Cake\Http\MiddlewareQueue), Object(Cake\Http\ServerRequest), Object(Cake\Http\Response))
#21 E:\xampp\htdocs\cakephp3_api\webroot\index.php(40): Cake\Http\Server->run()
#22 {main}
Request URL: /api/users/index


2021-08-27 12:59:02 Error: [Cake\View\Exception\MissingTemplateException] Template file "Api\Users\index.ctp" is missing. (E:\xampp\htdocs\cakephp3_api\vendor\cakephp\cakephp\src\View\View.php:1605)
Exception Attributes: array (
  'file' => 'Api\\Users\\index.ctp',
)
#0 E:\xampp\htdocs\cakephp3_api\vendor\cakephp\cakephp\src\View\View.php(888): Cake\View\View->_getViewFileName('Api\\Users\\index')
#1 E:\xampp\htdocs\cakephp3_api\vendor\cakephp\cakephp\src\Controller\Controller.php(791): Cake\View\View->render(NULL, NULL)
#2 E:\xampp\htdocs\cakephp3_api\vendor\cakephp\cakephp\src\Http\ActionDispatcher.php(126): Cake\Controller\Controller->render()
#3 E:\xampp\htdocs\cakephp3_api\vendor\cakephp\cakephp\src\Http\ActionDispatcher.php(94): Cake\Http\ActionDispatcher->_invoke(Object(App\Controller\Api\UsersController))
#4 E:\xampp\htdocs\cakephp3_api\vendor\cakephp\cakephp\src\Http\BaseApplication.php(256): Cake\Http\ActionDispatcher->dispatch(Object(Cake\Http\ServerRequest), Object(Cake\Http\Response))
#5 E:\xampp\htdocs\cakephp3_api\vendor\cakephp\cakephp\src\Http\Runner.php(65): Cake\Http\BaseApplication->__invoke(Object(Cake\Http\ServerRequest), Object(Cake\Http\Response), Object(Cake\Http\Runner))
#6 E:\xampp\htdocs\cakephp3_api\vendor\cakephp\cakephp\src\Routing\Middleware\RoutingMiddleware.php(164): Cake\Http\Runner->__invoke(Object(Cake\Http\ServerRequest), Object(Cake\Http\Response))
#7 E:\xampp\htdocs\cakephp3_api\vendor\cakephp\cakephp\src\Http\Runner.php(65): Cake\Routing\Middleware\RoutingMiddleware->__invoke(Object(Cake\Http\ServerRequest), Object(Cake\Http\Response), Object(Cake\Http\Runner))
#8 E:\xampp\htdocs\cakephp3_api\vendor\cakephp\cakephp\src\Routing\Middleware\AssetMiddleware.php(88): Cake\Http\Runner->__invoke(Object(Cake\Http\ServerRequest), Object(Cake\Http\Response))
#9 E:\xampp\htdocs\cakephp3_api\vendor\cakephp\cakephp\src\Http\Runner.php(65): Cake\Routing\Middleware\AssetMiddleware->__invoke(Object(Cake\Http\ServerRequest), Object(Cake\Http\Response), Object(Cake\Http\Runner))
#10 E:\xampp\htdocs\cakephp3_api\vendor\cakephp\cakephp\src\Error\Middleware\ErrorHandlerMiddleware.php(100): Cake\Http\Runner->__invoke(Object(Cake\Http\ServerRequest), Object(Cake\Http\Response))
#11 E:\xampp\htdocs\cakephp3_api\vendor\cakephp\cakephp\src\Http\Runner.php(65): Cake\Error\Middleware\ErrorHandlerMiddleware->__invoke(Object(Cake\Http\ServerRequest), Object(Cake\Http\Response), Object(Cake\Http\Runner))
#12 E:\xampp\htdocs\cakephp3_api\vendor\cakephp\debug_kit\src\Middleware\DebugKitMiddleware.php(53): Cake\Http\Runner->__invoke(Object(Cake\Http\ServerRequest), Object(Cake\Http\Response))
#13 E:\xampp\htdocs\cakephp3_api\vendor\cakephp\cakephp\src\Http\Runner.php(65): DebugKit\Middleware\DebugKitMiddleware->__invoke(Object(Cake\Http\ServerRequest), Object(Cake\Http\Response), Object(Cake\Http\Runner))
#14 E:\xampp\htdocs\cakephp3_api\vendor\cakephp\cakephp\src\Http\Runner.php(51): Cake\Http\Runner->__invoke(Object(Cake\Http\ServerRequest), Object(Cake\Http\Response))
#15 E:\xampp\htdocs\cakephp3_api\vendor\cakephp\cakephp\src\Http\Server.php(97): Cake\Http\Runner->run(Object(Cake\Http\MiddlewareQueue), Object(Cake\Http\ServerRequest), Object(Cake\Http\Response))
#16 E:\xampp\htdocs\cakephp3_api\webroot\index.php(40): Cake\Http\Server->run()
#17 {main}
Request URL: /api/users/


2021-08-27 12:59:35 Error: [Cake\View\Exception\MissingTemplateException] Template file "Api\Users\index.ctp" is missing. (E:\xampp\htdocs\cakephp3_api\vendor\cakephp\cakephp\src\View\View.php:1605)
Exception Attributes: array (
  'file' => 'Api\\Users\\index.ctp',
)
#0 E:\xampp\htdocs\cakephp3_api\vendor\cakephp\cakephp\src\View\View.php(888): Cake\View\View->_getViewFileName('Api\\Users\\index')
#1 E:\xampp\htdocs\cakephp3_api\vendor\cakephp\cakephp\src\Controller\Controller.php(791): Cake\View\View->render(NULL, NULL)
#2 E:\xampp\htdocs\cakephp3_api\vendor\cakephp\cakephp\src\Http\ActionDispatcher.php(126): Cake\Controller\Controller->render()
#3 E:\xampp\htdocs\cakephp3_api\vendor\cakephp\cakephp\src\Http\ActionDispatcher.php(94): Cake\Http\ActionDispatcher->_invoke(Object(App\Controller\Api\UsersController))
#4 E:\xampp\htdocs\cakephp3_api\vendor\cakephp\cakephp\src\Http\BaseApplication.php(256): Cake\Http\ActionDispatcher->dispatch(Object(Cake\Http\ServerRequest), Object(Cake\Http\Response))
#5 E:\xampp\htdocs\cakephp3_api\vendor\cakephp\cakephp\src\Http\Runner.php(65): Cake\Http\BaseApplication->__invoke(Object(Cake\Http\ServerRequest), Object(Cake\Http\Response), Object(Cake\Http\Runner))
#6 E:\xampp\htdocs\cakephp3_api\vendor\cakephp\cakephp\src\Routing\Middleware\RoutingMiddleware.php(164): Cake\Http\Runner->__invoke(Object(Cake\Http\ServerRequest), Object(Cake\Http\Response))
#7 E:\xampp\htdocs\cakephp3_api\vendor\cakephp\cakephp\src\Http\Runner.php(65): Cake\Routing\Middleware\RoutingMiddleware->__invoke(Object(Cake\Http\ServerRequest), Object(Cake\Http\Response), Object(Cake\Http\Runner))
#8 E:\xampp\htdocs\cakephp3_api\vendor\cakephp\cakephp\src\Routing\Middleware\AssetMiddleware.php(88): Cake\Http\Runner->__invoke(Object(Cake\Http\ServerRequest), Object(Cake\Http\Response))
#9 E:\xampp\htdocs\cakephp3_api\vendor\cakephp\cakephp\src\Http\Runner.php(65): Cake\Routing\Middleware\AssetMiddleware->__invoke(Object(Cake\Http\ServerRequest), Object(Cake\Http\Response), Object(Cake\Http\Runner))
#10 E:\xampp\htdocs\cakephp3_api\vendor\cakephp\cakephp\src\Error\Middleware\ErrorHandlerMiddleware.php(100): Cake\Http\Runner->__invoke(Object(Cake\Http\ServerRequest), Object(Cake\Http\Response))
#11 E:\xampp\htdocs\cakephp3_api\vendor\cakephp\cakephp\src\Http\Runner.php(65): Cake\Error\Middleware\ErrorHandlerMiddleware->__invoke(Object(Cake\Http\ServerRequest), Object(Cake\Http\Response), Object(Cake\Http\Runner))
#12 E:\xampp\htdocs\cakephp3_api\vendor\cakephp\debug_kit\src\Middleware\DebugKitMiddleware.php(53): Cake\Http\Runner->__invoke(Object(Cake\Http\ServerRequest), Object(Cake\Http\Response))
#13 E:\xampp\htdocs\cakephp3_api\vendor\cakephp\cakephp\src\Http\Runner.php(65): DebugKit\Middleware\DebugKitMiddleware->__invoke(Object(Cake\Http\ServerRequest), Object(Cake\Http\Response), Object(Cake\Http\Runner))
#14 E:\xampp\htdocs\cakephp3_api\vendor\cakephp\cakephp\src\Http\Runner.php(51): Cake\Http\Runner->__invoke(Object(Cake\Http\ServerRequest), Object(Cake\Http\Response))
#15 E:\xampp\htdocs\cakephp3_api\vendor\cakephp\cakephp\src\Http\Server.php(97): Cake\Http\Runner->run(Object(Cake\Http\MiddlewareQueue), Object(Cake\Http\ServerRequest), Object(Cake\Http\Response))
#16 E:\xampp\htdocs\cakephp3_api\webroot\index.php(40): Cake\Http\Server->run()
#17 {main}
Request URL: /api/users/index


2021-08-27 13:00:52 Error: [Cake\Http\Exception\MethodNotAllowedException] Method Not Allowed (E:\xampp\htdocs\cakephp3_api\vendor\cakephp\cakephp\src\Http\ServerRequest.php:2075)
#0 E:\xampp\htdocs\cakephp3_api\src\Controller\Api\UsersController.php(47): Cake\Http\ServerRequest->allowMethod(Array)
#1 E:\xampp\htdocs\cakephp3_api\vendor\cakephp\cakephp\src\Controller\Controller.php(606): App\Controller\Api\UsersController->add()
#2 E:\xampp\htdocs\cakephp3_api\vendor\cakephp\cakephp\src\Http\ActionDispatcher.php(120): Cake\Controller\Controller->invokeAction()
#3 E:\xampp\htdocs\cakephp3_api\vendor\cakephp\cakephp\src\Http\ActionDispatcher.php(94): Cake\Http\ActionDispatcher->_invoke(Object(App\Controller\Api\UsersController))
#4 E:\xampp\htdocs\cakephp3_api\vendor\cakephp\cakephp\src\Http\BaseApplication.php(256): Cake\Http\ActionDispatcher->dispatch(Object(Cake\Http\ServerRequest), Object(Cake\Http\Response))
#5 E:\xampp\htdocs\cakephp3_api\vendor\cakephp\cakephp\src\Http\Runner.php(65): Cake\Http\BaseApplication->__invoke(Object(Cake\Http\ServerRequest), Object(Cake\Http\Response), Object(Cake\Http\Runner))
#6 E:\xampp\htdocs\cakephp3_api\vendor\cakephp\cakephp\src\Routing\Middleware\RoutingMiddleware.php(164): Cake\Http\Runner->__invoke(Object(Cake\Http\ServerRequest), Object(Cake\Http\Response))
#7 E:\xampp\htdocs\cakephp3_api\vendor\cakephp\cakephp\src\Http\Runner.php(65): Cake\Routing\Middleware\RoutingMiddleware->__invoke(Object(Cake\Http\ServerRequest), Object(Cake\Http\Response), Object(Cake\Http\Runner))
#8 E:\xampp\htdocs\cakephp3_api\vendor\cakephp\cakephp\src\Routing\Middleware\AssetMiddleware.php(88): Cake\Http\Runner->__invoke(Object(Cake\Http\ServerRequest), Object(Cake\Http\Response))
#9 E:\xampp\htdocs\cakephp3_api\vendor\cakephp\cakephp\src\Http\Runner.php(65): Cake\Routing\Middleware\AssetMiddleware->__invoke(Object(Cake\Http\ServerRequest), Object(Cake\Http\Response), Object(Cake\Http\Runner))
#10 E:\xampp\htdocs\cakephp3_api\vendor\cakephp\cakephp\src\Error\Middleware\ErrorHandlerMiddleware.php(100): Cake\Http\Runner->__invoke(Object(Cake\Http\ServerRequest), Object(Cake\Http\Response))
#11 E:\xampp\htdocs\cakephp3_api\vendor\cakephp\cakephp\src\Http\Runner.php(65): Cake\Error\Middleware\ErrorHandlerMiddleware->__invoke(Object(Cake\Http\ServerRequest), Object(Cake\Http\Response), Object(Cake\Http\Runner))
#12 E:\xampp\htdocs\cakephp3_api\vendor\cakephp\debug_kit\src\Middleware\DebugKitMiddleware.php(53): Cake\Http\Runner->__invoke(Object(Cake\Http\ServerRequest), Object(Cake\Http\Response))
#13 E:\xampp\htdocs\cakephp3_api\vendor\cakephp\cakephp\src\Http\Runner.php(65): DebugKit\Middleware\DebugKitMiddleware->__invoke(Object(Cake\Http\ServerRequest), Object(Cake\Http\Response), Object(Cake\Http\Runner))
#14 E:\xampp\htdocs\cakephp3_api\vendor\cakephp\cakephp\src\Http\Runner.php(51): Cake\Http\Runner->__invoke(Object(Cake\Http\ServerRequest), Object(Cake\Http\Response))
#15 E:\xampp\htdocs\cakephp3_api\vendor\cakephp\cakephp\src\Http\Server.php(97): Cake\Http\Runner->run(Object(Cake\Http\MiddlewareQueue), Object(Cake\Http\ServerRequest), Object(Cake\Http\Response))
#16 E:\xampp\htdocs\cakephp3_api\webroot\index.php(40): Cake\Http\Server->run()
#17 {main}
Request URL: /api/users/add


2021-08-27 13:02:09 Error: [Cake\Http\Exception\MethodNotAllowedException] Method Not Allowed (E:\xampp\htdocs\cakephp3_api\vendor\cakephp\cakephp\src\Http\ServerRequest.php:2075)
#0 E:\xampp\htdocs\cakephp3_api\src\Controller\Api\UsersController.php(47): Cake\Http\ServerRequest->allowMethod(Array)
#1 E:\xampp\htdocs\cakephp3_api\vendor\cakephp\cakephp\src\Controller\Controller.php(606): App\Controller\Api\UsersController->add()
#2 E:\xampp\htdocs\cakephp3_api\vendor\cakephp\cakephp\src\Http\ActionDispatcher.php(120): Cake\Controller\Controller->invokeAction()
#3 E:\xampp\htdocs\cakephp3_api\vendor\cakephp\cakephp\src\Http\ActionDispatcher.php(94): Cake\Http\ActionDispatcher->_invoke(Object(App\Controller\Api\UsersController))
#4 E:\xampp\htdocs\cakephp3_api\vendor\cakephp\cakephp\src\Http\BaseApplication.php(256): Cake\Http\ActionDispatcher->dispatch(Object(Cake\Http\ServerRequest), Object(Cake\Http\Response))
#5 E:\xampp\htdocs\cakephp3_api\vendor\cakephp\cakephp\src\Http\Runner.php(65): Cake\Http\BaseApplication->__invoke(Object(Cake\Http\ServerRequest), Object(Cake\Http\Response), Object(Cake\Http\Runner))
#6 E:\xampp\htdocs\cakephp3_api\vendor\cakephp\cakephp\src\Routing\Middleware\RoutingMiddleware.php(164): Cake\Http\Runner->__invoke(Object(Cake\Http\ServerRequest), Object(Cake\Http\Response))
#7 E:\xampp\htdocs\cakephp3_api\vendor\cakephp\cakephp\src\Http\Runner.php(65): Cake\Routing\Middleware\RoutingMiddleware->__invoke(Object(Cake\Http\ServerRequest), Object(Cake\Http\Response), Object(Cake\Http\Runner))
#8 E:\xampp\htdocs\cakephp3_api\vendor\cakephp\cakephp\src\Routing\Middleware\AssetMiddleware.php(97): Cake\Http\Runner->__invoke(Object(Cake\Http\ServerRequest), Object(Cake\Http\Response))
#9 E:\xampp\htdocs\cakephp3_api\vendor\cakephp\cakephp\src\Http\Runner.php(65): Cake\Routing\Middleware\AssetMiddleware->__invoke(Object(Cake\Http\ServerRequest), Object(Cake\Http\Response), Object(Cake\Http\Runner))
#10 E:\xampp\htdocs\cakephp3_api\vendor\cakephp\cakephp\src\Error\Middleware\ErrorHandlerMiddleware.php(100): Cake\Http\Runner->__invoke(Object(Cake\Http\ServerRequest), Object(Cake\Http\Response))
#11 E:\xampp\htdocs\cakephp3_api\vendor\cakephp\cakephp\src\Http\Runner.php(65): Cake\Error\Middleware\ErrorHandlerMiddleware->__invoke(Object(Cake\Http\ServerRequest), Object(Cake\Http\Response), Object(Cake\Http\Runner))
#12 E:\xampp\htdocs\cakephp3_api\vendor\cakephp\debug_kit\src\Middleware\DebugKitMiddleware.php(53): Cake\Http\Runner->__invoke(Object(Cake\Http\ServerRequest), Object(Cake\Http\Response))
#13 E:\xampp\htdocs\cakephp3_api\vendor\cakephp\cakephp\src\Http\Runner.php(65): DebugKit\Middleware\DebugKitMiddleware->__invoke(Object(Cake\Http\ServerRequest), Object(Cake\Http\Response), Object(Cake\Http\Runner))
#14 E:\xampp\htdocs\cakephp3_api\vendor\cakephp\cakephp\src\Http\Runner.php(51): Cake\Http\Runner->__invoke(Object(Cake\Http\ServerRequest), Object(Cake\Http\Response))
#15 E:\xampp\htdocs\cakephp3_api\vendor\cakephp\cakephp\src\Http\Server.php(97): Cake\Http\Runner->run(Object(Cake\Http\MiddlewareQueue), Object(Cake\Http\ServerRequest), Object(Cake\Http\Response))
#16 E:\xampp\htdocs\cakephp3_api\webroot\index.php(40): Cake\Http\Server->run()
#17 {main}
Request URL: /api/users/add.json


2021-08-27 13:26:23 Error: [ParseError] syntax error, unexpected '->' (T_OBJECT_OPERATOR) (E:\xampp\htdocs\cakephp3_api\src\Model\Table\UsersTable.php:57)
#0 E:\xampp\htdocs\cakephp3_api\vendor\composer\ClassLoader.php(322): Composer\Autoload\includeFile('E:\\xampp\\htdocs...')
#1 [internal function]: Composer\Autoload\ClassLoader->loadClass('App\\Model\\Table...')
#2 [internal function]: spl_autoload_call('App\\Model\\Table...')
#3 E:\xampp\htdocs\cakephp3_api\vendor\cakephp\cakephp\src\Core\App.php(151): class_exists('App\\Model\\Table...')
#4 E:\xampp\htdocs\cakephp3_api\vendor\cakephp\cakephp\src\Core\App.php(63): Cake\Core\App::_classExistsInBase('\\Model\\Table\\Us...', 'App')
#5 E:\xampp\htdocs\cakephp3_api\vendor\cakephp\cakephp\src\ORM\Locator\TableLocator.php(276): Cake\Core\App::className('Users', 'Model/Table', 'Table')
#6 E:\xampp\htdocs\cakephp3_api\vendor\cakephp\cakephp\src\ORM\Locator\TableLocator.php(219): Cake\ORM\Locator\TableLocator->_getClassName('Users', Array)
#7 E:\xampp\htdocs\cakephp3_api\vendor\cakephp\cakephp\src\Datasource\ModelAwareTrait.php(127): Cake\ORM\Locator\TableLocator->get('Users', Array)
#8 E:\xampp\htdocs\cakephp3_api\vendor\cakephp\cakephp\src\Controller\Controller.php(371): Cake\Controller\Controller->loadModel('Users')
#9 E:\xampp\htdocs\cakephp3_api\src\Controller\Api\UsersController.php(48): Cake\Controller\Controller->__get('Users')
#10 E:\xampp\htdocs\cakephp3_api\vendor\cakephp\cakephp\src\Controller\Controller.php(606): App\Controller\Api\UsersController->add()
#11 E:\xampp\htdocs\cakephp3_api\vendor\cakephp\cakephp\src\Http\ActionDispatcher.php(120): Cake\Controller\Controller->invokeAction()
#12 E:\xampp\htdocs\cakephp3_api\vendor\cakephp\cakephp\src\Http\ActionDispatcher.php(94): Cake\Http\ActionDispatcher->_invoke(Object(App\Controller\Api\UsersController))
#13 E:\xampp\htdocs\cakephp3_api\vendor\cakephp\cakephp\src\Http\BaseApplication.php(256): Cake\Http\ActionDispatcher->dispatch(Object(Cake\Http\ServerRequest), Object(Cake\Http\Response))
#14 E:\xampp\htdocs\cakephp3_api\vendor\cakephp\cakephp\src\Http\Runner.php(65): Cake\Http\BaseApplication->__invoke(Object(Cake\Http\ServerRequest), Object(Cake\Http\Response), Object(Cake\Http\Runner))
#15 E:\xampp\htdocs\cakephp3_api\vendor\cakephp\cakephp\src\Routing\Middleware\RoutingMiddleware.php(164): Cake\Http\Runner->__invoke(Object(Cake\Http\ServerRequest), Object(Cake\Http\Response))
#16 E:\xampp\htdocs\cakephp3_api\vendor\cakephp\cakephp\src\Http\Runner.php(65): Cake\Routing\Middleware\RoutingMiddleware->__invoke(Object(Cake\Http\ServerRequest), Object(Cake\Http\Response), Object(Cake\Http\Runner))
#17 E:\xampp\htdocs\cakephp3_api\vendor\cakephp\cakephp\src\Routing\Middleware\AssetMiddleware.php(97): Cake\Http\Runner->__invoke(Object(Cake\Http\ServerRequest), Object(Cake\Http\Response))
#18 E:\xampp\htdocs\cakephp3_api\vendor\cakephp\cakephp\src\Http\Runner.php(65): Cake\Routing\Middleware\AssetMiddleware->__invoke(Object(Cake\Http\ServerRequest), Object(Cake\Http\Response), Object(Cake\Http\Runner))
#19 E:\xampp\htdocs\cakephp3_api\vendor\cakephp\cakephp\src\Error\Middleware\ErrorHandlerMiddleware.php(100): Cake\Http\Runner->__invoke(Object(Cake\Http\ServerRequest), Object(Cake\Http\Response))
#20 E:\xampp\htdocs\cakephp3_api\vendor\cakephp\cakephp\src\Http\Runner.php(65): Cake\Error\Middleware\ErrorHandlerMiddleware->__invoke(Object(Cake\Http\ServerRequest), Object(Cake\Http\Response), Object(Cake\Http\Runner))
#21 E:\xampp\htdocs\cakephp3_api\vendor\cakephp\debug_kit\src\Middleware\DebugKitMiddleware.php(53): Cake\Http\Runner->__invoke(Object(Cake\Http\ServerRequest), Object(Cake\Http\Response))
#22 E:\xampp\htdocs\cakephp3_api\vendor\cakephp\cakephp\src\Http\Runner.php(65): DebugKit\Middleware\DebugKitMiddleware->__invoke(Object(Cake\Http\ServerRequest), Object(Cake\Http\Response), Object(Cake\Http\Runner))
#23 E:\xampp\htdocs\cakephp3_api\vendor\cakephp\cakephp\src\Http\Runner.php(51): Cake\Http\Runner->__invoke(Object(Cake\Http\ServerRequest), Object(Cake\Http\Response))
#24 E:\xampp\htdocs\cakephp3_api\vendor\cakephp\cakephp\src\Http\Server.php(97): Cake\Http\Runner->run(Object(Cake\Http\MiddlewareQueue), Object(Cake\Http\ServerRequest), Object(Cake\Http\Response))
#25 E:\xampp\htdocs\cakephp3_api\webroot\index.php(40): Cake\Http\Server->run()
#26 {main}
Request URL: /api/users/add.json


2021-08-27 13:54:26 Error: [Cake\Http\Exception\MethodNotAllowedException] Method Not Allowed (E:\xampp\htdocs\cakephp3_api\vendor\cakephp\cakephp\src\Http\ServerRequest.php:2075)
#0 E:\xampp\htdocs\cakephp3_api\src\Controller\Api\UsersController.php(47): Cake\Http\ServerRequest->allowMethod(Array)
#1 E:\xampp\htdocs\cakephp3_api\vendor\cakephp\cakephp\src\Controller\Controller.php(606): App\Controller\Api\UsersController->add()
#2 E:\xampp\htdocs\cakephp3_api\vendor\cakephp\cakephp\src\Http\ActionDispatcher.php(120): Cake\Controller\Controller->invokeAction()
#3 E:\xampp\htdocs\cakephp3_api\vendor\cakephp\cakephp\src\Http\ActionDispatcher.php(94): Cake\Http\ActionDispatcher->_invoke(Object(App\Controller\Api\UsersController))
#4 E:\xampp\htdocs\cakephp3_api\vendor\cakephp\cakephp\src\Http\BaseApplication.php(256): Cake\Http\ActionDispatcher->dispatch(Object(Cake\Http\ServerRequest), Object(Cake\Http\Response))
#5 E:\xampp\htdocs\cakephp3_api\vendor\cakephp\cakephp\src\Http\Runner.php(65): Cake\Http\BaseApplication->__invoke(Object(Cake\Http\ServerRequest), Object(Cake\Http\Response), Object(Cake\Http\Runner))
#6 E:\xampp\htdocs\cakephp3_api\vendor\cakephp\cakephp\src\Routing\Middleware\RoutingMiddleware.php(164): Cake\Http\Runner->__invoke(Object(Cake\Http\ServerRequest), Object(Cake\Http\Response))
#7 E:\xampp\htdocs\cakephp3_api\vendor\cakephp\cakephp\src\Http\Runner.php(65): Cake\Routing\Middleware\RoutingMiddleware->__invoke(Object(Cake\Http\ServerRequest), Object(Cake\Http\Response), Object(Cake\Http\Runner))
#8 E:\xampp\htdocs\cakephp3_api\vendor\cakephp\cakephp\src\Routing\Middleware\AssetMiddleware.php(97): Cake\Http\Runner->__invoke(Object(Cake\Http\ServerRequest), Object(Cake\Http\Response))
#9 E:\xampp\htdocs\cakephp3_api\vendor\cakephp\cakephp\src\Http\Runner.php(65): Cake\Routing\Middleware\AssetMiddleware->__invoke(Object(Cake\Http\ServerRequest), Object(Cake\Http\Response), Object(Cake\Http\Runner))
#10 E:\xampp\htdocs\cakephp3_api\vendor\cakephp\cakephp\src\Error\Middleware\ErrorHandlerMiddleware.php(100): Cake\Http\Runner->__invoke(Object(Cake\Http\ServerRequest), Object(Cake\Http\Response))
#11 E:\xampp\htdocs\cakephp3_api\vendor\cakephp\cakephp\src\Http\Runner.php(65): Cake\Error\Middleware\ErrorHandlerMiddleware->__invoke(Object(Cake\Http\ServerRequest), Object(Cake\Http\Response), Object(Cake\Http\Runner))
#12 E:\xampp\htdocs\cakephp3_api\vendor\cakephp\debug_kit\src\Middleware\DebugKitMiddleware.php(53): Cake\Http\Runner->__invoke(Object(Cake\Http\ServerRequest), Object(Cake\Http\Response))
#13 E:\xampp\htdocs\cakephp3_api\vendor\cakephp\cakephp\src\Http\Runner.php(65): DebugKit\Middleware\DebugKitMiddleware->__invoke(Object(Cake\Http\ServerRequest), Object(Cake\Http\Response), Object(Cake\Http\Runner))
#14 E:\xampp\htdocs\cakephp3_api\vendor\cakephp\cakephp\src\Http\Runner.php(51): Cake\Http\Runner->__invoke(Object(Cake\Http\ServerRequest), Object(Cake\Http\Response))
#15 E:\xampp\htdocs\cakephp3_api\vendor\cakephp\cakephp\src\Http\Server.php(97): Cake\Http\Runner->run(Object(Cake\Http\MiddlewareQueue), Object(Cake\Http\ServerRequest), Object(Cake\Http\Response))
#16 E:\xampp\htdocs\cakephp3_api\webroot\index.php(40): Cake\Http\Server->run()
#17 {main}
Request URL: /api/users/add.json


2021-08-30 05:12:09 Error: [Cake\Http\Exception\MethodNotAllowedException] Method Not Allowed (E:\xampp\htdocs\cakephp3_api\vendor\cakephp\cakephp\src\Http\ServerRequest.php:2075)
#0 E:\xampp\htdocs\cakephp3_api\src\Controller\Api\UsersController.php(47): Cake\Http\ServerRequest->allowMethod(Array)
#1 E:\xampp\htdocs\cakephp3_api\vendor\cakephp\cakephp\src\Controller\Controller.php(606): App\Controller\Api\UsersController->add()
#2 E:\xampp\htdocs\cakephp3_api\vendor\cakephp\cakephp\src\Http\ActionDispatcher.php(120): Cake\Controller\Controller->invokeAction()
#3 E:\xampp\htdocs\cakephp3_api\vendor\cakephp\cakephp\src\Http\ActionDispatcher.php(94): Cake\Http\ActionDispatcher->_invoke(Object(App\Controller\Api\UsersController))
#4 E:\xampp\htdocs\cakephp3_api\vendor\cakephp\cakephp\src\Http\BaseApplication.php(256): Cake\Http\ActionDispatcher->dispatch(Object(Cake\Http\ServerRequest), Object(Cake\Http\Response))
#5 E:\xampp\htdocs\cakephp3_api\vendor\cakephp\cakephp\src\Http\Runner.php(65): Cake\Http\BaseApplication->__invoke(Object(Cake\Http\ServerRequest), Object(Cake\Http\Response), Object(Cake\Http\Runner))
#6 E:\xampp\htdocs\cakephp3_api\vendor\cakephp\cakephp\src\Routing\Middleware\RoutingMiddleware.php(164): Cake\Http\Runner->__invoke(Object(Cake\Http\ServerRequest), Object(Cake\Http\Response))
#7 E:\xampp\htdocs\cakephp3_api\vendor\cakephp\cakephp\src\Http\Runner.php(65): Cake\Routing\Middleware\RoutingMiddleware->__invoke(Object(Cake\Http\ServerRequest), Object(Cake\Http\Response), Object(Cake\Http\Runner))
#8 E:\xampp\htdocs\cakephp3_api\vendor\cakephp\cakephp\src\Routing\Middleware\AssetMiddleware.php(97): Cake\Http\Runner->__invoke(Object(Cake\Http\ServerRequest), Object(Cake\Http\Response))
#9 E:\xampp\htdocs\cakephp3_api\vendor\cakephp\cakephp\src\Http\Runner.php(65): Cake\Routing\Middleware\AssetMiddleware->__invoke(Object(Cake\Http\ServerRequest), Object(Cake\Http\Response), Object(Cake\Http\Runner))
#10 E:\xampp\htdocs\cakephp3_api\vendor\cakephp\cakephp\src\Error\Middleware\ErrorHandlerMiddleware.php(100): Cake\Http\Runner->__invoke(Object(Cake\Http\ServerRequest), Object(Cake\Http\Response))
#11 E:\xampp\htdocs\cakephp3_api\vendor\cakephp\cakephp\src\Http\Runner.php(65): Cake\Error\Middleware\ErrorHandlerMiddleware->__invoke(Object(Cake\Http\ServerRequest), Object(Cake\Http\Response), Object(Cake\Http\Runner))
#12 E:\xampp\htdocs\cakephp3_api\vendor\cakephp\debug_kit\src\Middleware\DebugKitMiddleware.php(53): Cake\Http\Runner->__invoke(Object(Cake\Http\ServerRequest), Object(Cake\Http\Response))
#13 E:\xampp\htdocs\cakephp3_api\vendor\cakephp\cakephp\src\Http\Runner.php(65): DebugKit\Middleware\DebugKitMiddleware->__invoke(Object(Cake\Http\ServerRequest), Object(Cake\Http\Response), Object(Cake\Http\Runner))
#14 E:\xampp\htdocs\cakephp3_api\vendor\cakephp\cakephp\src\Http\Runner.php(51): Cake\Http\Runner->__invoke(Object(Cake\Http\ServerRequest), Object(Cake\Http\Response))
#15 E:\xampp\htdocs\cakephp3_api\vendor\cakephp\cakephp\src\Http\Server.php(97): Cake\Http\Runner->run(Object(Cake\Http\MiddlewareQueue), Object(Cake\Http\ServerRequest), Object(Cake\Http\Response))
#16 E:\xampp\htdocs\cakephp3_api\webroot\index.php(40): Cake\Http\Server->run()
#17 {main}
Request URL: /api/users/add.json


2021-08-30 05:26:43 Error: [Cake\Http\Exception\MethodNotAllowedException] Method Not Allowed (E:\xampp\htdocs\cakephp3_api\vendor\cakephp\cakephp\src\Http\ServerRequest.php:2075)
#0 E:\xampp\htdocs\cakephp3_api\src\Controller\Api\UsersController.php(31): Cake\Http\ServerRequest->allowMethod(Array)
#1 E:\xampp\htdocs\cakephp3_api\vendor\cakephp\cakephp\src\Controller\Controller.php(606): App\Controller\Api\UsersController->index()
#2 E:\xampp\htdocs\cakephp3_api\vendor\cakephp\cakephp\src\Http\ActionDispatcher.php(120): Cake\Controller\Controller->invokeAction()
#3 E:\xampp\htdocs\cakephp3_api\vendor\cakephp\cakephp\src\Http\ActionDispatcher.php(94): Cake\Http\ActionDispatcher->_invoke(Object(App\Controller\Api\UsersController))
#4 E:\xampp\htdocs\cakephp3_api\vendor\cakephp\cakephp\src\Http\BaseApplication.php(256): Cake\Http\ActionDispatcher->dispatch(Object(Cake\Http\ServerRequest), Object(Cake\Http\Response))
#5 E:\xampp\htdocs\cakephp3_api\vendor\cakephp\cakephp\src\Http\Runner.php(65): Cake\Http\BaseApplication->__invoke(Object(Cake\Http\ServerRequest), Object(Cake\Http\Response), Object(Cake\Http\Runner))
#6 E:\xampp\htdocs\cakephp3_api\vendor\cakephp\cakephp\src\Routing\Middleware\RoutingMiddleware.php(164): Cake\Http\Runner->__invoke(Object(Cake\Http\ServerRequest), Object(Cake\Http\Response))
#7 E:\xampp\htdocs\cakephp3_api\vendor\cakephp\cakephp\src\Http\Runner.php(65): Cake\Routing\Middleware\RoutingMiddleware->__invoke(Object(Cake\Http\ServerRequest), Object(Cake\Http\Response), Object(Cake\Http\Runner))
#8 E:\xampp\htdocs\cakephp3_api\vendor\cakephp\cakephp\src\Routing\Middleware\AssetMiddleware.php(97): Cake\Http\Runner->__invoke(Object(Cake\Http\ServerRequest), Object(Cake\Http\Response))
#9 E:\xampp\htdocs\cakephp3_api\vendor\cakephp\cakephp\src\Http\Runner.php(65): Cake\Routing\Middleware\AssetMiddleware->__invoke(Object(Cake\Http\ServerRequest), Object(Cake\Http\Response), Object(Cake\Http\Runner))
#10 E:\xampp\htdocs\cakephp3_api\vendor\cakephp\cakephp\src\Error\Middleware\ErrorHandlerMiddleware.php(100): Cake\Http\Runner->__invoke(Object(Cake\Http\ServerRequest), Object(Cake\Http\Response))
#11 E:\xampp\htdocs\cakephp3_api\vendor\cakephp\cakephp\src\Http\Runner.php(65): Cake\Error\Middleware\ErrorHandlerMiddleware->__invoke(Object(Cake\Http\ServerRequest), Object(Cake\Http\Response), Object(Cake\Http\Runner))
#12 E:\xampp\htdocs\cakephp3_api\vendor\cakephp\debug_kit\src\Middleware\DebugKitMiddleware.php(53): Cake\Http\Runner->__invoke(Object(Cake\Http\ServerRequest), Object(Cake\Http\Response))
#13 E:\xampp\htdocs\cakephp3_api\vendor\cakephp\cakephp\src\Http\Runner.php(65): DebugKit\Middleware\DebugKitMiddleware->__invoke(Object(Cake\Http\ServerRequest), Object(Cake\Http\Response), Object(Cake\Http\Runner))
#14 E:\xampp\htdocs\cakephp3_api\vendor\cakephp\cakephp\src\Http\Runner.php(51): Cake\Http\Runner->__invoke(Object(Cake\Http\ServerRequest), Object(Cake\Http\Response))
#15 E:\xampp\htdocs\cakephp3_api\vendor\cakephp\cakephp\src\Http\Server.php(97): Cake\Http\Runner->run(Object(Cake\Http\MiddlewareQueue), Object(Cake\Http\ServerRequest), Object(Cake\Http\Response))
#16 E:\xampp\htdocs\cakephp3_api\webroot\index.php(40): Cake\Http\Server->run()
#17 {main}
Request URL: /api/users/index.json


2021-08-30 05:30:21 Error: [Cake\View\Exception\MissingTemplateException] Template file "Api\Users\index.ctp" is missing. (E:\xampp\htdocs\cakephp3_api\vendor\cakephp\cakephp\src\View\View.php:1605)
Exception Attributes: array (
  'file' => 'Api\\Users\\index.ctp',
)
#0 E:\xampp\htdocs\cakephp3_api\vendor\cakephp\cakephp\src\View\View.php(888): Cake\View\View->_getViewFileName('Api\\Users\\index')
#1 E:\xampp\htdocs\cakephp3_api\vendor\cakephp\cakephp\src\Controller\Controller.php(791): Cake\View\View->render(NULL, NULL)
#2 E:\xampp\htdocs\cakephp3_api\vendor\cakephp\cakephp\src\Http\ActionDispatcher.php(126): Cake\Controller\Controller->render()
#3 E:\xampp\htdocs\cakephp3_api\vendor\cakephp\cakephp\src\Http\ActionDispatcher.php(94): Cake\Http\ActionDispatcher->_invoke(Object(App\Controller\Api\UsersController))
#4 E:\xampp\htdocs\cakephp3_api\vendor\cakephp\cakephp\src\Http\BaseApplication.php(256): Cake\Http\ActionDispatcher->dispatch(Object(Cake\Http\ServerRequest), Object(Cake\Http\Response))
#5 E:\xampp\htdocs\cakephp3_api\vendor\cakephp\cakephp\src\Http\Runner.php(65): Cake\Http\BaseApplication->__invoke(Object(Cake\Http\ServerRequest), Object(Cake\Http\Response), Object(Cake\Http\Runner))
#6 E:\xampp\htdocs\cakephp3_api\vendor\cakephp\cakephp\src\Routing\Middleware\RoutingMiddleware.php(164): Cake\Http\Runner->__invoke(Object(Cake\Http\ServerRequest), Object(Cake\Http\Response))
#7 E:\xampp\htdocs\cakephp3_api\vendor\cakephp\cakephp\src\Http\Runner.php(65): Cake\Routing\Middleware\RoutingMiddleware->__invoke(Object(Cake\Http\ServerRequest), Object(Cake\Http\Response), Object(Cake\Http\Runner))
#8 E:\xampp\htdocs\cakephp3_api\vendor\cakephp\cakephp\src\Routing\Middleware\AssetMiddleware.php(88): Cake\Http\Runner->__invoke(Object(Cake\Http\ServerRequest), Object(Cake\Http\Response))
#9 E:\xampp\htdocs\cakephp3_api\vendor\cakephp\cakephp\src\Http\Runner.php(65): Cake\Routing\Middleware\AssetMiddleware->__invoke(Object(Cake\Http\ServerRequest), Object(Cake\Http\Response), Object(Cake\Http\Runner))
#10 E:\xampp\htdocs\cakephp3_api\vendor\cakephp\cakephp\src\Error\Middleware\ErrorHandlerMiddleware.php(100): Cake\Http\Runner->__invoke(Object(Cake\Http\ServerRequest), Object(Cake\Http\Response))
#11 E:\xampp\htdocs\cakephp3_api\vendor\cakephp\cakephp\src\Http\Runner.php(65): Cake\Error\Middleware\ErrorHandlerMiddleware->__invoke(Object(Cake\Http\ServerRequest), Object(Cake\Http\Response), Object(Cake\Http\Runner))
#12 E:\xampp\htdocs\cakephp3_api\vendor\cakephp\debug_kit\src\Middleware\DebugKitMiddleware.php(53): Cake\Http\Runner->__invoke(Object(Cake\Http\ServerRequest), Object(Cake\Http\Response))
#13 E:\xampp\htdocs\cakephp3_api\vendor\cakephp\cakephp\src\Http\Runner.php(65): DebugKit\Middleware\DebugKitMiddleware->__invoke(Object(Cake\Http\ServerRequest), Object(Cake\Http\Response), Object(Cake\Http\Runner))
#14 E:\xampp\htdocs\cakephp3_api\vendor\cakephp\cakephp\src\Http\Runner.php(51): Cake\Http\Runner->__invoke(Object(Cake\Http\ServerRequest), Object(Cake\Http\Response))
#15 E:\xampp\htdocs\cakephp3_api\vendor\cakephp\cakephp\src\Http\Server.php(97): Cake\Http\Runner->run(Object(Cake\Http\MiddlewareQueue), Object(Cake\Http\ServerRequest), Object(Cake\Http\Response))
#16 E:\xampp\htdocs\cakephp3_api\webroot\index.php(40): Cake\Http\Server->run()
#17 {main}
Request URL: /api/users


2021-08-30 05:30:32 Error: [Cake\View\Exception\MissingTemplateException] Template file "Api\Users\index.ctp" is missing. (E:\xampp\htdocs\cakephp3_api\vendor\cakephp\cakephp\src\View\View.php:1605)
Exception Attributes: array (
  'file' => 'Api\\Users\\index.ctp',
)
#0 E:\xampp\htdocs\cakephp3_api\vendor\cakephp\cakephp\src\View\View.php(888): Cake\View\View->_getViewFileName('Api\\Users\\index')
#1 E:\xampp\htdocs\cakephp3_api\vendor\cakephp\cakephp\src\Controller\Controller.php(791): Cake\View\View->render(NULL, NULL)
#2 E:\xampp\htdocs\cakephp3_api\vendor\cakephp\cakephp\src\Http\ActionDispatcher.php(126): Cake\Controller\Controller->render()
#3 E:\xampp\htdocs\cakephp3_api\vendor\cakephp\cakephp\src\Http\ActionDispatcher.php(94): Cake\Http\ActionDispatcher->_invoke(Object(App\Controller\Api\UsersController))
#4 E:\xampp\htdocs\cakephp3_api\vendor\cakephp\cakephp\src\Http\BaseApplication.php(256): Cake\Http\ActionDispatcher->dispatch(Object(Cake\Http\ServerRequest), Object(Cake\Http\Response))
#5 E:\xampp\htdocs\cakephp3_api\vendor\cakephp\cakephp\src\Http\Runner.php(65): Cake\Http\BaseApplication->__invoke(Object(Cake\Http\ServerRequest), Object(Cake\Http\Response), Object(Cake\Http\Runner))
#6 E:\xampp\htdocs\cakephp3_api\vendor\cakephp\cakephp\src\Routing\Middleware\RoutingMiddleware.php(164): Cake\Http\Runner->__invoke(Object(Cake\Http\ServerRequest), Object(Cake\Http\Response))
#7 E:\xampp\htdocs\cakephp3_api\vendor\cakephp\cakephp\src\Http\Runner.php(65): Cake\Routing\Middleware\RoutingMiddleware->__invoke(Object(Cake\Http\ServerRequest), Object(Cake\Http\Response), Object(Cake\Http\Runner))
#8 E:\xampp\htdocs\cakephp3_api\vendor\cakephp\cakephp\src\Routing\Middleware\AssetMiddleware.php(88): Cake\Http\Runner->__invoke(Object(Cake\Http\ServerRequest), Object(Cake\Http\Response))
#9 E:\xampp\htdocs\cakephp3_api\vendor\cakephp\cakephp\src\Http\Runner.php(65): Cake\Routing\Middleware\AssetMiddleware->__invoke(Object(Cake\Http\ServerRequest), Object(Cake\Http\Response), Object(Cake\Http\Runner))
#10 E:\xampp\htdocs\cakephp3_api\vendor\cakephp\cakephp\src\Error\Middleware\ErrorHandlerMiddleware.php(100): Cake\Http\Runner->__invoke(Object(Cake\Http\ServerRequest), Object(Cake\Http\Response))
#11 E:\xampp\htdocs\cakephp3_api\vendor\cakephp\cakephp\src\Http\Runner.php(65): Cake\Error\Middleware\ErrorHandlerMiddleware->__invoke(Object(Cake\Http\ServerRequest), Object(Cake\Http\Response), Object(Cake\Http\Runner))
#12 E:\xampp\htdocs\cakephp3_api\vendor\cakephp\debug_kit\src\Middleware\DebugKitMiddleware.php(53): Cake\Http\Runner->__invoke(Object(Cake\Http\ServerRequest), Object(Cake\Http\Response))
#13 E:\xampp\htdocs\cakephp3_api\vendor\cakephp\cakephp\src\Http\Runner.php(65): DebugKit\Middleware\DebugKitMiddleware->__invoke(Object(Cake\Http\ServerRequest), Object(Cake\Http\Response), Object(Cake\Http\Runner))
#14 E:\xampp\htdocs\cakephp3_api\vendor\cakephp\cakephp\src\Http\Runner.php(51): Cake\Http\Runner->__invoke(Object(Cake\Http\ServerRequest), Object(Cake\Http\Response))
#15 E:\xampp\htdocs\cakephp3_api\vendor\cakephp\cakephp\src\Http\Server.php(97): Cake\Http\Runner->run(Object(Cake\Http\MiddlewareQueue), Object(Cake\Http\ServerRequest), Object(Cake\Http\Response))
#16 E:\xampp\htdocs\cakephp3_api\webroot\index.php(40): Cake\Http\Server->run()
#17 {main}
Request URL: /api/users


2021-08-30 05:30:35 Error: [Cake\View\Exception\MissingTemplateException] Template file "Api\Users\index.ctp" is missing. (E:\xampp\htdocs\cakephp3_api\vendor\cakephp\cakephp\src\View\View.php:1605)
Exception Attributes: array (
  'file' => 'Api\\Users\\index.ctp',
)
#0 E:\xampp\htdocs\cakephp3_api\vendor\cakephp\cakephp\src\View\View.php(888): Cake\View\View->_getViewFileName('Api\\Users\\index')
#1 E:\xampp\htdocs\cakephp3_api\vendor\cakephp\cakephp\src\Controller\Controller.php(791): Cake\View\View->render(NULL, NULL)
#2 E:\xampp\htdocs\cakephp3_api\vendor\cakephp\cakephp\src\Http\ActionDispatcher.php(126): Cake\Controller\Controller->render()
#3 E:\xampp\htdocs\cakephp3_api\vendor\cakephp\cakephp\src\Http\ActionDispatcher.php(94): Cake\Http\ActionDispatcher->_invoke(Object(App\Controller\Api\UsersController))
#4 E:\xampp\htdocs\cakephp3_api\vendor\cakephp\cakephp\src\Http\BaseApplication.php(256): Cake\Http\ActionDispatcher->dispatch(Object(Cake\Http\ServerRequest), Object(Cake\Http\Response))
#5 E:\xampp\htdocs\cakephp3_api\vendor\cakephp\cakephp\src\Http\Runner.php(65): Cake\Http\BaseApplication->__invoke(Object(Cake\Http\ServerRequest), Object(Cake\Http\Response), Object(Cake\Http\Runner))
#6 E:\xampp\htdocs\cakephp3_api\vendor\cakephp\cakephp\src\Routing\Middleware\RoutingMiddleware.php(164): Cake\Http\Runner->__invoke(Object(Cake\Http\ServerRequest), Object(Cake\Http\Response))
#7 E:\xampp\htdocs\cakephp3_api\vendor\cakephp\cakephp\src\Http\Runner.php(65): Cake\Routing\Middleware\RoutingMiddleware->__invoke(Object(Cake\Http\ServerRequest), Object(Cake\Http\Response), Object(Cake\Http\Runner))
#8 E:\xampp\htdocs\cakephp3_api\vendor\cakephp\cakephp\src\Routing\Middleware\AssetMiddleware.php(88): Cake\Http\Runner->__invoke(Object(Cake\Http\ServerRequest), Object(Cake\Http\Response))
#9 E:\xampp\htdocs\cakephp3_api\vendor\cakephp\cakephp\src\Http\Runner.php(65): Cake\Routing\Middleware\AssetMiddleware->__invoke(Object(Cake\Http\ServerRequest), Object(Cake\Http\Response), Object(Cake\Http\Runner))
#10 E:\xampp\htdocs\cakephp3_api\vendor\cakephp\cakephp\src\Error\Middleware\ErrorHandlerMiddleware.php(100): Cake\Http\Runner->__invoke(Object(Cake\Http\ServerRequest), Object(Cake\Http\Response))
#11 E:\xampp\htdocs\cakephp3_api\vendor\cakephp\cakephp\src\Http\Runner.php(65): Cake\Error\Middleware\ErrorHandlerMiddleware->__invoke(Object(Cake\Http\ServerRequest), Object(Cake\Http\Response), Object(Cake\Http\Runner))
#12 E:\xampp\htdocs\cakephp3_api\vendor\cakephp\debug_kit\src\Middleware\DebugKitMiddleware.php(53): Cake\Http\Runner->__invoke(Object(Cake\Http\ServerRequest), Object(Cake\Http\Response))
#13 E:\xampp\htdocs\cakephp3_api\vendor\cakephp\cakephp\src\Http\Runner.php(65): DebugKit\Middleware\DebugKitMiddleware->__invoke(Object(Cake\Http\ServerRequest), Object(Cake\Http\Response), Object(Cake\Http\Runner))
#14 E:\xampp\htdocs\cakephp3_api\vendor\cakephp\cakephp\src\Http\Runner.php(51): Cake\Http\Runner->__invoke(Object(Cake\Http\ServerRequest), Object(Cake\Http\Response))
#15 E:\xampp\htdocs\cakephp3_api\vendor\cakephp\cakephp\src\Http\Server.php(97): Cake\Http\Runner->run(Object(Cake\Http\MiddlewareQueue), Object(Cake\Http\ServerRequest), Object(Cake\Http\Response))
#16 E:\xampp\htdocs\cakephp3_api\webroot\index.php(40): Cake\Http\Server->run()
#17 {main}
Request URL: /api/users


2021-08-30 05:32:48 Error: [Cake\View\Exception\MissingTemplateException] Template file "Api\Users\index.ctp" is missing. (E:\xampp\htdocs\cakephp3_api\vendor\cakephp\cakephp\src\View\View.php:1605)
Exception Attributes: array (
  'file' => 'Api\\Users\\index.ctp',
)
#0 E:\xampp\htdocs\cakephp3_api\vendor\cakephp\cakephp\src\View\View.php(888): Cake\View\View->_getViewFileName('Api\\Users\\index')
#1 E:\xampp\htdocs\cakephp3_api\vendor\cakephp\cakephp\src\Controller\Controller.php(791): Cake\View\View->render(NULL, NULL)
#2 E:\xampp\htdocs\cakephp3_api\vendor\cakephp\cakephp\src\Http\ActionDispatcher.php(126): Cake\Controller\Controller->render()
#3 E:\xampp\htdocs\cakephp3_api\vendor\cakephp\cakephp\src\Http\ActionDispatcher.php(94): Cake\Http\ActionDispatcher->_invoke(Object(App\Controller\Api\UsersController))
#4 E:\xampp\htdocs\cakephp3_api\vendor\cakephp\cakephp\src\Http\BaseApplication.php(256): Cake\Http\ActionDispatcher->dispatch(Object(Cake\Http\ServerRequest), Object(Cake\Http\Response))
#5 E:\xampp\htdocs\cakephp3_api\vendor\cakephp\cakephp\src\Http\Runner.php(65): Cake\Http\BaseApplication->__invoke(Object(Cake\Http\ServerRequest), Object(Cake\Http\Response), Object(Cake\Http\Runner))
#6 E:\xampp\htdocs\cakephp3_api\vendor\cakephp\cakephp\src\Routing\Middleware\RoutingMiddleware.php(164): Cake\Http\Runner->__invoke(Object(Cake\Http\ServerRequest), Object(Cake\Http\Response))
#7 E:\xampp\htdocs\cakephp3_api\vendor\cakephp\cakephp\src\Http\Runner.php(65): Cake\Routing\Middleware\RoutingMiddleware->__invoke(Object(Cake\Http\ServerRequest), Object(Cake\Http\Response), Object(Cake\Http\Runner))
#8 E:\xampp\htdocs\cakephp3_api\vendor\cakephp\cakephp\src\Routing\Middleware\AssetMiddleware.php(88): Cake\Http\Runner->__invoke(Object(Cake\Http\ServerRequest), Object(Cake\Http\Response))
#9 E:\xampp\htdocs\cakephp3_api\vendor\cakephp\cakephp\src\Http\Runner.php(65): Cake\Routing\Middleware\AssetMiddleware->__invoke(Object(Cake\Http\ServerRequest), Object(Cake\Http\Response), Object(Cake\Http\Runner))
#10 E:\xampp\htdocs\cakephp3_api\vendor\cakephp\cakephp\src\Error\Middleware\ErrorHandlerMiddleware.php(100): Cake\Http\Runner->__invoke(Object(Cake\Http\ServerRequest), Object(Cake\Http\Response))
#11 E:\xampp\htdocs\cakephp3_api\vendor\cakephp\cakephp\src\Http\Runner.php(65): Cake\Error\Middleware\ErrorHandlerMiddleware->__invoke(Object(Cake\Http\ServerRequest), Object(Cake\Http\Response), Object(Cake\Http\Runner))
#12 E:\xampp\htdocs\cakephp3_api\vendor\cakephp\debug_kit\src\Middleware\DebugKitMiddleware.php(53): Cake\Http\Runner->__invoke(Object(Cake\Http\ServerRequest), Object(Cake\Http\Response))
#13 E:\xampp\htdocs\cakephp3_api\vendor\cakephp\cakephp\src\Http\Runner.php(65): DebugKit\Middleware\DebugKitMiddleware->__invoke(Object(Cake\Http\ServerRequest), Object(Cake\Http\Response), Object(Cake\Http\Runner))
#14 E:\xampp\htdocs\cakephp3_api\vendor\cakephp\cakephp\src\Http\Runner.php(51): Cake\Http\Runner->__invoke(Object(Cake\Http\ServerRequest), Object(Cake\Http\Response))
#15 E:\xampp\htdocs\cakephp3_api\vendor\cakephp\cakephp\src\Http\Server.php(97): Cake\Http\Runner->run(Object(Cake\Http\MiddlewareQueue), Object(Cake\Http\ServerRequest), Object(Cake\Http\Response))
#16 E:\xampp\htdocs\cakephp3_api\webroot\index.php(40): Cake\Http\Server->run()
#17 {main}
Request URL: /api/users


2021-08-30 05:32:56 Error: [Cake\View\Exception\MissingTemplateException] Template file "Api\Users\index.ctp" is missing. (E:\xampp\htdocs\cakephp3_api\vendor\cakephp\cakephp\src\View\View.php:1605)
Exception Attributes: array (
  'file' => 'Api\\Users\\index.ctp',
)
#0 E:\xampp\htdocs\cakephp3_api\vendor\cakephp\cakephp\src\View\View.php(888): Cake\View\View->_getViewFileName('Api\\Users\\index')
#1 E:\xampp\htdocs\cakephp3_api\vendor\cakephp\cakephp\src\Controller\Controller.php(791): Cake\View\View->render(NULL, NULL)
#2 E:\xampp\htdocs\cakephp3_api\vendor\cakephp\cakephp\src\Http\ActionDispatcher.php(126): Cake\Controller\Controller->render()
#3 E:\xampp\htdocs\cakephp3_api\vendor\cakephp\cakephp\src\Http\ActionDispatcher.php(94): Cake\Http\ActionDispatcher->_invoke(Object(App\Controller\Api\UsersController))
#4 E:\xampp\htdocs\cakephp3_api\vendor\cakephp\cakephp\src\Http\BaseApplication.php(256): Cake\Http\ActionDispatcher->dispatch(Object(Cake\Http\ServerRequest), Object(Cake\Http\Response))
#5 E:\xampp\htdocs\cakephp3_api\vendor\cakephp\cakephp\src\Http\Runner.php(65): Cake\Http\BaseApplication->__invoke(Object(Cake\Http\ServerRequest), Object(Cake\Http\Response), Object(Cake\Http\Runner))
#6 E:\xampp\htdocs\cakephp3_api\vendor\cakephp\cakephp\src\Routing\Middleware\RoutingMiddleware.php(164): Cake\Http\Runner->__invoke(Object(Cake\Http\ServerRequest), Object(Cake\Http\Response))
#7 E:\xampp\htdocs\cakephp3_api\vendor\cakephp\cakephp\src\Http\Runner.php(65): Cake\Routing\Middleware\RoutingMiddleware->__invoke(Object(Cake\Http\ServerRequest), Object(Cake\Http\Response), Object(Cake\Http\Runner))
#8 E:\xampp\htdocs\cakephp3_api\vendor\cakephp\cakephp\src\Routing\Middleware\AssetMiddleware.php(88): Cake\Http\Runner->__invoke(Object(Cake\Http\ServerRequest), Object(Cake\Http\Response))
#9 E:\xampp\htdocs\cakephp3_api\vendor\cakephp\cakephp\src\Http\Runner.php(65): Cake\Routing\Middleware\AssetMiddleware->__invoke(Object(Cake\Http\ServerRequest), Object(Cake\Http\Response), Object(Cake\Http\Runner))
#10 E:\xampp\htdocs\cakephp3_api\vendor\cakephp\cakephp\src\Error\Middleware\ErrorHandlerMiddleware.php(100): Cake\Http\Runner->__invoke(Object(Cake\Http\ServerRequest), Object(Cake\Http\Response))
#11 E:\xampp\htdocs\cakephp3_api\vendor\cakephp\cakephp\src\Http\Runner.php(65): Cake\Error\Middleware\ErrorHandlerMiddleware->__invoke(Object(Cake\Http\ServerRequest), Object(Cake\Http\Response), Object(Cake\Http\Runner))
#12 E:\xampp\htdocs\cakephp3_api\vendor\cakephp\debug_kit\src\Middleware\DebugKitMiddleware.php(53): Cake\Http\Runner->__invoke(Object(Cake\Http\ServerRequest), Object(Cake\Http\Response))
#13 E:\xampp\htdocs\cakephp3_api\vendor\cakephp\cakephp\src\Http\Runner.php(65): DebugKit\Middleware\DebugKitMiddleware->__invoke(Object(Cake\Http\ServerRequest), Object(Cake\Http\Response), Object(Cake\Http\Runner))
#14 E:\xampp\htdocs\cakephp3_api\vendor\cakephp\cakephp\src\Http\Runner.php(51): Cake\Http\Runner->__invoke(Object(Cake\Http\ServerRequest), Object(Cake\Http\Response))
#15 E:\xampp\htdocs\cakephp3_api\vendor\cakephp\cakephp\src\Http\Server.php(97): Cake\Http\Runner->run(Object(Cake\Http\MiddlewareQueue), Object(Cake\Http\ServerRequest), Object(Cake\Http\Response))
#16 E:\xampp\htdocs\cakephp3_api\webroot\index.php(40): Cake\Http\Server->run()
#17 {main}
Request URL: /api/users/index


2021-08-30 06:02:03 Error: [ParseError] syntax error, unexpected ''users'' (T_CONSTANT_ENCAPSED_STRING), expecting ']' (E:\xampp\htdocs\cakephp3_api\src\Controller\Api\UsersController.php:35)
#0 E:\xampp\htdocs\cakephp3_api\vendor\composer\ClassLoader.php(322): Composer\Autoload\includeFile('E:\\xampp\\htdocs...')
#1 [internal function]: Composer\Autoload\ClassLoader->loadClass('App\\Controller\\...')
#2 [internal function]: spl_autoload_call('App\\Controller\\...')
#3 E:\xampp\htdocs\cakephp3_api\vendor\cakephp\cakephp\src\Core\App.php(151): class_exists('App\\Controller\\...')
#4 E:\xampp\htdocs\cakephp3_api\vendor\cakephp\cakephp\src\Core\App.php(63): Cake\Core\App::_classExistsInBase('\\Controller\\Api...', 'App')
#5 E:\xampp\htdocs\cakephp3_api\vendor\cakephp\cakephp\src\Http\ControllerFactory.php(93): Cake\Core\App::className('Users', 'Controller/Api', 'Controller')
#6 E:\xampp\htdocs\cakephp3_api\vendor\cakephp\cakephp\src\Http\ControllerFactory.php(37): Cake\Http\ControllerFactory->getControllerClass(Object(Cake\Http\ServerRequest))
#7 E:\xampp\htdocs\cakephp3_api\vendor\cakephp\cakephp\src\Http\ActionDispatcher.php(91): Cake\Http\ControllerFactory->create(Object(Cake\Http\ServerRequest), Object(Cake\Http\Response))
#8 E:\xampp\htdocs\cakephp3_api\vendor\cakephp\cakephp\src\Http\BaseApplication.php(256): Cake\Http\ActionDispatcher->dispatch(Object(Cake\Http\ServerRequest), Object(Cake\Http\Response))
#9 E:\xampp\htdocs\cakephp3_api\vendor\cakephp\cakephp\src\Http\Runner.php(65): Cake\Http\BaseApplication->__invoke(Object(Cake\Http\ServerRequest), Object(Cake\Http\Response), Object(Cake\Http\Runner))
#10 E:\xampp\htdocs\cakephp3_api\vendor\cakephp\cakephp\src\Routing\Middleware\RoutingMiddleware.php(164): Cake\Http\Runner->__invoke(Object(Cake\Http\ServerRequest), Object(Cake\Http\Response))
#11 E:\xampp\htdocs\cakephp3_api\vendor\cakephp\cakephp\src\Http\Runner.php(65): Cake\Routing\Middleware\RoutingMiddleware->__invoke(Object(Cake\Http\ServerRequest), Object(Cake\Http\Response), Object(Cake\Http\Runner))
#12 E:\xampp\htdocs\cakephp3_api\vendor\cakephp\cakephp\src\Routing\Middleware\AssetMiddleware.php(97): Cake\Http\Runner->__invoke(Object(Cake\Http\ServerRequest), Object(Cake\Http\Response))
#13 E:\xampp\htdocs\cakephp3_api\vendor\cakephp\cakephp\src\Http\Runner.php(65): Cake\Routing\Middleware\AssetMiddleware->__invoke(Object(Cake\Http\ServerRequest), Object(Cake\Http\Response), Object(Cake\Http\Runner))
#14 E:\xampp\htdocs\cakephp3_api\vendor\cakephp\cakephp\src\Error\Middleware\ErrorHandlerMiddleware.php(100): Cake\Http\Runner->__invoke(Object(Cake\Http\ServerRequest), Object(Cake\Http\Response))
#15 E:\xampp\htdocs\cakephp3_api\vendor\cakephp\cakephp\src\Http\Runner.php(65): Cake\Error\Middleware\ErrorHandlerMiddleware->__invoke(Object(Cake\Http\ServerRequest), Object(Cake\Http\Response), Object(Cake\Http\Runner))
#16 E:\xampp\htdocs\cakephp3_api\vendor\cakephp\debug_kit\src\Middleware\DebugKitMiddleware.php(53): Cake\Http\Runner->__invoke(Object(Cake\Http\ServerRequest), Object(Cake\Http\Response))
#17 E:\xampp\htdocs\cakephp3_api\vendor\cakephp\cakephp\src\Http\Runner.php(65): DebugKit\Middleware\DebugKitMiddleware->__invoke(Object(Cake\Http\ServerRequest), Object(Cake\Http\Response), Object(Cake\Http\Runner))
#18 E:\xampp\htdocs\cakephp3_api\vendor\cakephp\cakephp\src\Http\Runner.php(51): Cake\Http\Runner->__invoke(Object(Cake\Http\ServerRequest), Object(Cake\Http\Response))
#19 E:\xampp\htdocs\cakephp3_api\vendor\cakephp\cakephp\src\Http\Server.php(97): Cake\Http\Runner->run(Object(Cake\Http\MiddlewareQueue), Object(Cake\Http\ServerRequest), Object(Cake\Http\Response))
#20 E:\xampp\htdocs\cakephp3_api\webroot\index.php(40): Cake\Http\Server->run()
#21 {main}
Request URL: /api/users/index.json


2021-08-30 06:04:43 Error: [ParseError] syntax error, unexpected ''users'' (T_CONSTANT_ENCAPSED_STRING), expecting ']' (E:\xampp\htdocs\cakephp3_api\src\Controller\Api\UsersController.php:36)
#0 E:\xampp\htdocs\cakephp3_api\vendor\composer\ClassLoader.php(322): Composer\Autoload\includeFile('E:\\xampp\\htdocs...')
#1 [internal function]: Composer\Autoload\ClassLoader->loadClass('App\\Controller\\...')
#2 [internal function]: spl_autoload_call('App\\Controller\\...')
#3 E:\xampp\htdocs\cakephp3_api\vendor\cakephp\cakephp\src\Core\App.php(151): class_exists('App\\Controller\\...')
#4 E:\xampp\htdocs\cakephp3_api\vendor\cakephp\cakephp\src\Core\App.php(63): Cake\Core\App::_classExistsInBase('\\Controller\\Api...', 'App')
#5 E:\xampp\htdocs\cakephp3_api\vendor\cakephp\cakephp\src\Http\ControllerFactory.php(93): Cake\Core\App::className('Users', 'Controller/Api', 'Controller')
#6 E:\xampp\htdocs\cakephp3_api\vendor\cakephp\cakephp\src\Http\ControllerFactory.php(37): Cake\Http\ControllerFactory->getControllerClass(Object(Cake\Http\ServerRequest))
#7 E:\xampp\htdocs\cakephp3_api\vendor\cakephp\cakephp\src\Http\ActionDispatcher.php(91): Cake\Http\ControllerFactory->create(Object(Cake\Http\ServerRequest), Object(Cake\Http\Response))
#8 E:\xampp\htdocs\cakephp3_api\vendor\cakephp\cakephp\src\Http\BaseApplication.php(256): Cake\Http\ActionDispatcher->dispatch(Object(Cake\Http\ServerRequest), Object(Cake\Http\Response))
#9 E:\xampp\htdocs\cakephp3_api\vendor\cakephp\cakephp\src\Http\Runner.php(65): Cake\Http\BaseApplication->__invoke(Object(Cake\Http\ServerRequest), Object(Cake\Http\Response), Object(Cake\Http\Runner))
#10 E:\xampp\htdocs\cakephp3_api\vendor\cakephp\cakephp\src\Routing\Middleware\RoutingMiddleware.php(164): Cake\Http\Runner->__invoke(Object(Cake\Http\ServerRequest), Object(Cake\Http\Response))
#11 E:\xampp\htdocs\cakephp3_api\vendor\cakephp\cakephp\src\Http\Runner.php(65): Cake\Routing\Middleware\RoutingMiddleware->__invoke(Object(Cake\Http\ServerRequest), Object(Cake\Http\Response), Object(Cake\Http\Runner))
#12 E:\xampp\htdocs\cakephp3_api\vendor\cakephp\cakephp\src\Routing\Middleware\AssetMiddleware.php(97): Cake\Http\Runner->__invoke(Object(Cake\Http\ServerRequest), Object(Cake\Http\Response))
#13 E:\xampp\htdocs\cakephp3_api\vendor\cakephp\cakephp\src\Http\Runner.php(65): Cake\Routing\Middleware\AssetMiddleware->__invoke(Object(Cake\Http\ServerRequest), Object(Cake\Http\Response), Object(Cake\Http\Runner))
#14 E:\xampp\htdocs\cakephp3_api\vendor\cakephp\cakephp\src\Error\Middleware\ErrorHandlerMiddleware.php(100): Cake\Http\Runner->__invoke(Object(Cake\Http\ServerRequest), Object(Cake\Http\Response))
#15 E:\xampp\htdocs\cakephp3_api\vendor\cakephp\cakephp\src\Http\Runner.php(65): Cake\Error\Middleware\ErrorHandlerMiddleware->__invoke(Object(Cake\Http\ServerRequest), Object(Cake\Http\Response), Object(Cake\Http\Runner))
#16 E:\xampp\htdocs\cakephp3_api\vendor\cakephp\debug_kit\src\Middleware\DebugKitMiddleware.php(53): Cake\Http\Runner->__invoke(Object(Cake\Http\ServerRequest), Object(Cake\Http\Response))
#17 E:\xampp\htdocs\cakephp3_api\vendor\cakephp\cakephp\src\Http\Runner.php(65): DebugKit\Middleware\DebugKitMiddleware->__invoke(Object(Cake\Http\ServerRequest), Object(Cake\Http\Response), Object(Cake\Http\Runner))
#18 E:\xampp\htdocs\cakephp3_api\vendor\cakephp\cakephp\src\Http\Runner.php(51): Cake\Http\Runner->__invoke(Object(Cake\Http\ServerRequest), Object(Cake\Http\Response))
#19 E:\xampp\htdocs\cakephp3_api\vendor\cakephp\cakephp\src\Http\Server.php(97): Cake\Http\Runner->run(Object(Cake\Http\MiddlewareQueue), Object(Cake\Http\ServerRequest), Object(Cake\Http\Response))
#20 E:\xampp\htdocs\cakephp3_api\webroot\index.php(40): Cake\Http\Server->run()
#21 {main}
Request URL: /api/users/index.json


